TN:
SF:pycolorbar/__init__.py
DA:27,1,sl4xTWEuOHtCEbeQAVdjqw
DA:29,1,Hu5/pVHDrcMxnJqgN938vg
DA:37,1,4ZxzhKG6Cqe/0hY5DwZzvg
DA:38,1,x7Cfm4CyT14BmdtOux60cQ
DA:39,1,2jn50OqWkF+m3LvazGHkMg
DA:47,1,ibrvtNWyeRBBehwetnantA
DA:48,1,nV44ItsjGqzy/JR8x3c5kQ
DA:51,1,4FgEWzJ48zaKpOLNZLNhAQ
DA:54,1,WczLQp8L8rOR418uCav+dw
DA:56,1,mlys38DS4yYwM880xF/Vag
DA:59,1,RuZ5KcncCoRYUb0REMXZIg
DA:60,1,fXko4KiRyom/gNhWdFCGJg
DA:61,0,HcyeyodJjXH391L6KSiARw
DA:63,0,PdeqDqr4bOft68ON3+/7kg
LF:14
LH:12
end_of_record
TN:
SF:pycolorbar/_version.py
DA:3,0,K4BcHq6j9qQ7cRidWzMN7A
DA:4,0,rOMIMlbvtyu7gXIIy/UEaQ
DA:5,0,pQWLc/BMrcb7ii2BZQdl9g
DA:6,0,12USX4fxbnQ6YrBEX7ZFoQ
DA:8,0,hNCmssAQZ7qoBdlllGUVzQ
DA:10,0,0dnmCTEGREssVDmkCY5u0A
DA:11,0,iLYM/fV/jWLjZj9/3dNIxw
DA:12,0,AfF3EtmHjV5rYFfAy7jLfg
DA:13,0,zpfTxDWxX1zLd64UN+J3cg
DA:15,0,0Dqsf6pAifiaXBIfUuoY0g
DA:16,0,oBz6euVlU1Zq3AHoT5gT+A
LF:11
LH:0
end_of_record
TN:
SF:pycolorbar/colors/__init__.py
DA:0,1,sIQVFz515bPL8y2CqDTERQ
LF:0
LH:0
end_of_record
TN:
SF:pycolorbar/colors/colors_io.py
DA:27,1,IWWjrCeOtk8NNtrE95++2g
DA:30,1,A3+NrtExdObaSeRBW3Bz9A
DA:31,1,sCHo12YUtgJWv4Z7iv/FMA
DA:49,1,jzGNu3i56WKLO88BbXwYTA
DA:52,1,VMPTL8eRgBljdaxpFP6Nng
DA:53,1,tESmvnNldpQlFQprxKiRtQ
DA:54,1,0qGZuj09aUxrzsnfsjVo0A
DA:55,1,KWRcO3gBanLHpqKmOcBLSQ
DA:56,1,J07VX5DYFvZ65l3kYhhLpg
DA:57,1,BK+foMhfUltpwhLaXPLX4g
DA:59,1,E4fXh27EpJSWajpppGblXw
DA:73,1,FKNTMCmWmK2HidJiXg2atA
DA:82,1,5EUH8YyVlaq1qw8aKxaVkw
DA:96,1,QrolqqmWCFB4htad1SHyIQ
DA:104,1,jyQINeO/qNWCYPYqh2S/Rw
DA:106,1,UQ/GXqrfcnagm3/xk/0ssA
DA:108,1,NWhFFQXzLu4wK56tCCbyYw
DA:110,1,QU7f4yvw15cvOip9vg2/gA
DA:112,1,NWhFFQXzLu4wK56tCCbyYw
DA:114,1,WPdsekaqlOBMlPIBzplQkg
DA:129,1,DgzMIsgsUTJtbFz8cVHpRg
DA:130,1,1FP6wVJq5uPbrx5NBdNSQg
DA:133,1,Z6XEpqMTWVxz3JLYFPIBjA
DA:134,1,ln8m+DfgHkYsynGoP1CXLg
DA:137,1,LttPqe0yZAwGo2lwYzId0w
DA:141,1,4MYkq+3JS5f0biZ0ykGgzA
DA:142,1,DRZ4ODXr3sDRQMz2Ww3Olg
DA:145,1,Iav6c92ZMC5cwPEGz84SDg
DA:147,1,8PaA2LpZZf9cx3D4DaTTfA
DA:162,1,KRqAmVJzSZcZW6P/TmnLCA
DA:163,1,iyN/oc9jQElVTNjAebZhFw
DA:164,1,D9rXXsLepVZcAwT7cWUiAg
DA:165,1,bCyrUHaL3vljKFBwjjzLnA
DA:166,1,zn9NJVrv5dlN7kR/a5XosA
DA:167,1,ziMwbdP43Yl2rkv+Iw0+Vg
DA:172,1,/Q5iFBwmVaysRaENERPqdg
DA:192,1,KRqAmVJzSZcZW6P/TmnLCA
DA:193,1,qzCLGqBLHxKp9itcb94k2A
DA:194,1,D9rXXsLepVZcAwT7cWUiAg
DA:195,1,cNDtAvTE3zAD+UczCqgpsA
DA:196,1,zn9NJVrv5dlN7kR/a5XosA
DA:197,1,ziMwbdP43Yl2rkv+Iw0+Vg
DA:202,1,0xDbUtr6XCtjSTNLVd3GrQ
DA:203,1,790qVoGEMa0braEyVf87bQ
DA:204,1,CuP2U1Gain8sKkautOD6uQ
DA:205,1,3s3HcOh6nSRpMt+st9b/xw
DA:210,1,cLsgjh5aes7NftjHI7wDkQ
DA:224,1,KRqAmVJzSZcZW6P/TmnLCA
DA:225,1,FRN9w1kHdtqkahI0yZ3ZKQ
DA:232,1,nmoNFJ4yPHKlqMRWsUJ8LA
DA:234,1,2w9Des99DMoPgxR56lrtwQ
DA:254,1,KRqAmVJzSZcZW6P/TmnLCA
DA:255,1,FRN9w1kHdtqkahI0yZ3ZKQ
DA:262,1,E82WTN4SInTlLDflwOuulQ
DA:263,1,mMOKy8XKzA1/JoHp+G8eIQ
DA:264,1,enUaUYp51l4oWXmWbI9uKg
DA:266,1,PESw5VooXlmsf2eO6o/K5w
DA:269,1,JqaCLVJV0MmVnhDR0s2ESA
DA:270,1,/ZvqiDY7XVzMiSFdpC6ZCg
DA:279,1,gFdnwIzxJ64X+nD2UauP7A
DA:280,1,AzGgUp6ZrlOuH9wINnSR4Q
DA:281,1,KdSjeStSY0hbE+FHvNmEqQ
DA:282,1,JG3OoiF5Px2qM/kwlamVGw
DA:285,1,uqzw0piiAM8mIcPBgBFZJw
DA:286,1,/ZvqiDY7XVzMiSFdpC6ZCg
DA:295,1,gFdnwIzxJ64X+nD2UauP7A
DA:296,1,gGtznUXWp60JurEjFaaT9A
DA:297,1,GEPrNOzknez0/ZzqtPCk8w
DA:298,1,07q84l1yUKn5Z/hQJgUuAA
DA:301,1,DEyZ//5kbI9E5gKspfGM8A
DA:302,1,/ZvqiDY7XVzMiSFdpC6ZCg
DA:313,1,gFdnwIzxJ64X+nD2UauP7A
DA:314,1,s6WXI+/p3+c9jagVlAEvlA
DA:315,1,XfjOS966I8kZWmBDPnLB5A
DA:316,1,rTlpsDSvn22/ZMS+CP0QVw
DA:319,1,tyg8KjH+U5Yl94p71hn+5A
DA:320,1,7F233IQeOGM4/JkoQ2Tn8A
DA:322,1,XdmcCkT35DSR0fzpjHaDEQ
DA:324,1,PMYNqcoJpExh729XGVsgeQ
DA:326,1,S3TNxbu8nlw6uNS5OzMwVA
DA:328,1,Mt0Wmml94Y7zpcHRTfTl+A
DA:331,1,7n397SVS7zMKRBh95iey5g
DA:332,1,/ZvqiDY7XVzMiSFdpC6ZCg
DA:348,1,gFdnwIzxJ64X+nD2UauP7A
DA:349,1,rf/wOB8asuLgcY2btDHa3g
DA:350,1,JJGNfFGeb163YyDhqVx6Ig
DA:351,1,cKoyawaIHjcePxQSUD1fOQ
DA:354,1,4tr+jsHON5o+PRDzzroc6w
DA:355,1,/ZvqiDY7XVzMiSFdpC6ZCg
DA:372,1,gFdnwIzxJ64X+nD2UauP7A
DA:373,1,kpMNrWROHOaejCiD9tzyzQ
DA:374,1,KIKKEKIDt6rwRWwT9rBMsA
DA:375,1,J5ThxKWn5bzLp1AWD8lVpQ
DA:378,1,tyg8KjH+U5Yl94p71hn+5A
DA:379,1,7F233IQeOGM4/JkoQ2Tn8A
DA:381,1,XdmcCkT35DSR0fzpjHaDEQ
DA:383,1,PMYNqcoJpExh729XGVsgeQ
DA:385,1,S3TNxbu8nlw6uNS5OzMwVA
DA:387,1,Mt0Wmml94Y7zpcHRTfTl+A
DA:390,1,3ic7GNpRBt/OfdUeizpM7A
DA:391,1,/ZvqiDY7XVzMiSFdpC6ZCg
DA:404,1,gFdnwIzxJ64X+nD2UauP7A
DA:405,1,56NxfZljYU3pEauOaqvwQg
DA:406,1,cZOy3B2I84IjIqaZ68/m2w
DA:407,1,ecwKIklMXJ8ZiUBN4GEOzQ
DA:410,1,+6IWgFAuzgTgblmopqf6CQ
DA:411,1,/ZvqiDY7XVzMiSFdpC6ZCg
DA:422,1,gFdnwIzxJ64X+nD2UauP7A
DA:423,1,VUZjdKttcVVhqGXXfLtylA
DA:424,1,LUnT0CeaG8/uTk7oZVWg9A
DA:425,1,Jpnkk2KzC2y5dEzuHp6V8A
DA:428,1,aF7nK9o7O6kpFt0Wu6gbqA
DA:429,1,/ZvqiDY7XVzMiSFdpC6ZCg
DA:439,1,gFdnwIzxJ64X+nD2UauP7A
DA:440,1,x+eOCCOC9/GDol1MYC1yyA
DA:441,1,jwJiH/4w8YgeREHXSsdgeQ
DA:442,1,qBQF6k2xX57PgRoNcAGXrw
DA:445,1,PqUphCBQWr57ioCAn5v3fg
DA:446,1,/ZvqiDY7XVzMiSFdpC6ZCg
DA:456,1,gFdnwIzxJ64X+nD2UauP7A
DA:457,1,Z67WxYROFAqbNYwNWg1HSQ
DA:458,1,wduX9REGbmysc6yU1X52rA
DA:459,1,qP6P8SUCENNr12M79BOm4A
DA:462,1,aBe4yhXc2Tsgfu0cSnFNoA
DA:463,1,sefWlUvnfMYyLs8B+1qZYg
DA:474,1,LIKzRyyNZEH0gk8CAGOjnA
DA:477,1,rLWZs9OpsDoPLVQHmvC9Ug
DA:492,1,UVY8JRBrhd4vDoA4Ge/bhQ
DA:493,1,stBLSG93gb3/4rE0xTj6iQ
DA:495,1,pYEvB462lnPUDHpf1y3eEw
DA:498,1,7OidiwkdEDU7YNwMOdlujw
DA:501,1,UOhcUMxeLMHigEUBSQw5xw
DA:517,1,7d57B45Bn7+OaOIoZQL0yQ
DA:518,1,F0LGA3DVqtNTpdShUf6gEg
DA:519,1,51IwYwp+NllaAuUsxjOz2w
DA:520,1,Hwyy0lp3eiQYTQoTieHHpw
DA:521,1,yTuWHcTg5Bfy1lYNTXpcCg
DA:524,1,rE26vy6zuEGKXsGkjrRIjg
DA:540,1,7d57B45Bn7+OaOIoZQL0yQ
DA:541,1,F0LGA3DVqtNTpdShUf6gEg
DA:542,1,51IwYwp+NllaAuUsxjOz2w
DA:543,1,lHib2cHXBjhAg6puNllUMw
DA:544,1,yTuWHcTg5Bfy1lYNTXpcCg
DA:547,1,o3R58PGGisQ+50VCzrmrZw
DA:563,1,FhR11AhL9twon+3c1cX/0Q
DA:564,1,ZvjJxuVRJtPUhMTwddm4qA
DA:567,1,n+b61xdPuuLbG3UD7/5scA
DA:588,1,FhR11AhL9twon+3c1cX/0Q
DA:589,1,u5G9xqsx7lI/p9OcqTKe8A
DA:592,1,n9SCwCfUB1/F259VWJhTeg
DA:609,1,FhR11AhL9twon+3c1cX/0Q
DA:610,1,UIyCi7tB/0AunMJaY0Z+IA
DA:613,1,Yrl6vf+vs/grAXPeV/lmDQ
DA:635,1,FhR11AhL9twon+3c1cX/0Q
DA:636,1,kNuslQiaf0sYgiw6+J63mw
DA:50,0,BksBeHBJKJ6BYMnINoS2Cg
DA:138,0,Sp+TPO4JZRjp2QuB3hgdZQ
DA:143,0,8lFeWjMbHfD9qkmqFbGRUA
DA:144,0,9tUKgpqnt68jxpKpHT0HNg
DA:494,0,pSBh4bROBUE3GDdBMYaEUg
LF:151
LH:146
end_of_record
TN:
SF:pycolorbar/settings/__init__.py
DA:0,1,sIQVFz515bPL8y2CqDTERQ
LF:0
LH:0
end_of_record
TN:
SF:pycolorbar/settings/colorbar_io.py
DA:27,1,ugwXY8ft9MZuvCqriLdQcQ
DA:28,1,7Z9Lj4ed27Wf2hBX6jooEA
DA:30,1,IWWjrCeOtk8NNtrE95++2g
DA:32,1,4kH3JlPM/LUrCZ/4XfqShw
DA:33,1,hSKp2Hq7tPsAMn7paylIIQ
DA:36,1,7dC41NaQZt6Vz9JAKTgM8w
DA:44,1,eaU1BQoOJZmPtYWt7MRrfg
DA:52,1,kHb/3BmLP/orY1d6vQ92Zw
DA:58,1,eHfbM6Qvz4f1zZHxFXxQ4w
DA:67,1,PyN2VLjBAfRAELXPpZE72A
DA:164,1,zf4r/uy8Fpez8Bia6+3AuQ
DA:37,0,4cGMRVQRlFG6hgtVnwz7PA
DA:38,0,f0iZ9okZ3u8hUA+l3PzkYQ
DA:39,0,FBRS7/dMdQNN9qffspP2cQ
DA:41,0,NwUxoyzi64OZO3sHAmKgZw
DA:45,0,cKFlBl4B+DkxeF61oP6IEA
DA:48,0,nvyZ8j63r/WEMPXjVoSkGA
DA:49,0,CLHZg9Jvnx7+M0fJf/zuuQ
DA:53,0,5g+jdQ4lJBBIExKIP4N0oA
DA:55,0,3m9kHo2W9AI5Hf0v/KJ3eg
DA:60,0,Z3BoVuw8pExya1Lv2R6cIQ
DA:62,0,KqLGmKq1BDcVLHtHEupKpA
DA:64,0,x3sQsUFz0jB2akm89qrytQ
DA:69,0,203y4iJh/c0JAzzlz67z7Q
DA:78,0,hKgVKHWzSnBiXgoTNxU5nA
DA:83,0,yCY32V2/UOza7J+I1oSDCQ
DA:94,0,R23RliP/hM1l6kLgKY6IvA
DA:99,0,PAmh0fClXZr+hBKuO6qVWg
DA:106,0,sI7ZIkcEUPH12JsWUaBFLg
DA:109,0,PVNo/2JhJwq1+Nk7f/+PUQ
DA:110,0,tNAWFWzgHqKb3l7AeF9vig
DA:111,0,bZ4V+YC+OhDovXP3GR4YOg
DA:114,0,sheUlGHRo+CQhaE/hDDCBQ
DA:115,0,4FJ3zh1CkYbs9n/cKo4pNQ
DA:116,0,S9qy1kY+1lD7tWKFfoze6w
DA:117,0,ST01i+IXbGU8B6iQdLUzDw
DA:118,0,7kol2+Fwcv05dYtlcMhcbA
DA:119,0,U3k+4miD16GQuHO0DWfVBA
DA:120,0,avqt4vDYeYvt1vMqx3IoUA
DA:122,0,ShEWkHuJoW6ECARLIy/YGg
DA:123,0,Qqc5dUf6fXjWsDTkZbaLpA
DA:126,0,NtSll9Ir5V/x6nTMS8P4hw
DA:127,0,KQAGX6dc4ifDWDk6QzNNcg
DA:128,0,/7pf4m6GnJFah1nS2GDesQ
DA:129,0,cVc/jO7ZjlMzNSH9OEf1Nw
DA:130,0,Gaf7y5jupsZZHLZNOKDW6A
DA:131,0,Hbck6Da/ViP5tQEAAuldnA
DA:132,0,BP8BxQ2nfu5g0CnI6aaC+A
DA:134,0,SZtvjgv0lMMwaN3yLXpLLg
DA:136,0,vG5sJEjX+/eGY2UebTA94A
DA:137,0,ST01i+IXbGU8B6iQdLUzDw
DA:138,0,7kol2+Fwcv05dYtlcMhcbA
DA:139,0,4qI3hZXF4U8Tl8p2tszThw
DA:140,0,VZij4HlBpjAmSVlXBoKYMg
DA:142,0,ShEWkHuJoW6ECARLIy/YGg
DA:143,0,hCagV/mUITPxn0x4chs7uA
DA:146,0,gdp8X/fkxqRVApW/4x+zuQ
DA:147,0,yX868xcmOwee7yaD2706WQ
DA:148,0,EU2L9TKX1CXRZYhvFLs9fg
DA:149,0,ST01i+IXbGU8B6iQdLUzDw
DA:150,0,7kol2+Fwcv05dYtlcMhcbA
DA:151,0,57kemifJ/nxeiyDLq/0vbw
DA:153,0,O171Q5LFLpSV3YfHsjlWjw
DA:154,0,UH3sginTAzC7wifeC6L3rQ
DA:155,0,RF+fG7VrueY5Fq5X/I+iFw
DA:156,0,2Ap53kZtDa21BLbddCekJw
DA:157,0,ST01i+IXbGU8B6iQdLUzDw
DA:158,0,7kol2+Fwcv05dYtlcMhcbA
DA:159,0,BM3hC+wW8V3r2t4442bF8g
DA:161,0,iXZze1YRfgVhItIptdvBRQ
DA:165,0,XiEMTjUuUnCBAnLtoq5U4g
DA:166,0,qRulK7fkU4mFLpef8bYSmg
DA:169,0,Z3BoVuw8pExya1Lv2R6cIQ
DA:172,0,Eld0k+zMERDiqsaJ+bY3oQ
DA:173,0,e8XgQ1+OgtWsy7XoXyXAJg
DA:176,0,Z/GrWLJR/hOYdve/QNet6Q
DA:179,0,UDo4FjdAbqeRTw1mVyKoXw
DA:182,0,UXyEye2n74cBf9AKLkCeKw
LF:78
LH:11
end_of_record
TN:
SF:pycolorbar/settings/colorbar_registry.py
DA:27,1,+CZveAaW6iwWuzdd5C5Z4A
DA:29,1,7Z9Lj4ed27Wf2hBX6jooEA
DA:31,1,AXJNTEwVN4UPxCvNImH5oQ
DA:32,1,4kH3JlPM/LUrCZ/4XfqShw
DA:33,1,MLJj1i9HAQfjmvykf9YI3g
DA:34,1,/Cm5iTtHuf0OC00mAtNc5A
DA:37,1,qytDD/kf4yDIM/aVMc6NgQ
DA:38,1,/ZvqiDY7XVzMiSFdpC6ZCg
DA:52,1,I7JWZUNjckKmy04KWwUuJA
DA:54,1,+lxKYUXWiEu1QcF1kEq+YA
DA:55,1,lmI6aH+JerlOS7yb4IKrwg
DA:56,1,Bm2fLT8wSawYXRyXgCkfqA
DA:58,1,tFecXn3v4Wb9mIGN4jXukg
DA:59,1,0uDyIK7smPfL7DV/79vdSw
DA:61,1,Nnqu9X+lU2lagW39QNhFWA
DA:62,1,ARRmQofIhMTaKSU+H9A5yw
DA:63,1,lmI6aH+JerlOS7yb4IKrwg
DA:64,1,xSyx9rNtXbUSs6n+XEjefA
DA:65,1,0uDyIK7smPfL7DV/79vdSw
DA:67,1,GvK0UUlsslC8hvImo16AKw
DA:71,1,HmADa1g/W1C2Vo9Wm4sNNA
DA:72,1,m1ZGuenoX9taiHHEPzLEBw
DA:76,1,Fz42vemDLDQfv8azPlRF2g
DA:96,1,OfEGmZk5UCx4ziU21WsMXA
DA:134,1,KNKPJrByP8XBMDjk19hSOA
DA:153,1,93re3gtx9Mkm9f2bKMqLDw
DA:162,1,RE3JHC7z/SHZKcgQCTK+pw
DA:171,1,P0SlLRyQstf04ujxhhSwNA
DA:196,1,03AibxhHspOcznBM/7fh+Q
DA:229,1,IzjsVUkScwd2uVy5FyRysg
DA:253,1,MVWsNYCXQk/7MmHzJgMtZw
DA:262,1,+oB/5nfLvqn0mVyR50Upeg
DA:298,1,jkakJc6YxEEE5UJjOJC0sg
DA:323,1,bbQ76bPoeYJWpgZ0QJda/w
DA:332,1,6WlmokcPhPeSbl9zreZEEA
DA:346,1,wl1RASdDy1P2j/tOsCs5qA
DA:378,1,CSZEMURoOTbUvARRdFeF+g
DA:407,1,G3F4U5ezd162EyZQo7MnrQ
DA:432,1,1mQm/yewFQf4tYucRGyjuA
DA:437,1,Y6ad2TgvBoUPXZrIMQFOcQ
DA:69,0,UC59ueJYgMi6ETEVxeLanQ
DA:74,0,dNW3uXNTYuv8j/50MM+wvA
DA:78,0,gLXvoBRJf6AaMjdobsUQcQ
DA:79,0,wx22XVDMhAd2R/uehqHdDA
DA:81,0,1uyfcR3ECs8Cp4bGQ22FPg
DA:83,0,tAT6/2rbQRzKqyDRw3oL1A
DA:84,0,wBr7ducy8XuOYwiStSbhxQ
DA:87,0,YZQAZ8PSIdw0WA6Sz52CLw
DA:88,0,MYERqX3exs+6z6dybqx64g
DA:89,0,Ua3UJZbMjXKLkH3fUovx/Q
DA:90,0,b1gXA/5ZsIDyoSmDAa4UjA
DA:91,0,SNPj3pFw551IVJGoz7zdWA
DA:92,0,X74MHmCfoxHRDq8VlDCmWg
DA:93,0,mhxwAa3USAm23frAXLtlYA
DA:94,0,TH2XsQ1+YLPdB01SgdiwPg
DA:119,0,6Vp9p8YXnrL9WnPWt0ovjw
DA:120,0,Gpwq+0GSHAHHkW9nzrd7Iw
DA:122,0,I/Up1uth+JsX/trgVRqLvQ
DA:124,0,3xMB9jmEoBeQd8J/BTU3xw
DA:125,0,z8GqA2t4yQBCN6RreLQy1Q
DA:126,0,KE04zLE65cFo594zHfR3YQ
DA:127,0,u6EzAaUCGYCXNZC74eZhjw
DA:128,0,Boj1K8qDhatXbnO762lctQ
DA:129,0,3s3HcOh6nSRpMt+st9b/xw
DA:132,0,2QMplEqJFJSaLzEyIBb/7g
DA:148,0,xhCMwjJqG9aSRAPMhzqSKQ
DA:149,0,elpydYrMbx0RKNkTOdkRzg
DA:151,0,A9SWyp+2q9f58Vg0X6YBsA
DA:155,0,RzIidfhumyA66P1uWiTp3Q
DA:156,0,w2Ci9JhvpmNj4nMOK1IHvw
DA:157,0,s8By7zIKYqFFMLJKx27D5g
DA:158,0,hG8rFkQz1uFkvaueKaMGCw
DA:159,0,Ep9HH7ruuGE9vajr3ERPug
DA:160,0,WjHLq4Kg626y27w/lVDAeA
DA:164,0,RzIidfhumyA66P1uWiTp3Q
DA:165,0,w2Ci9JhvpmNj4nMOK1IHvw
DA:166,0,s8By7zIKYqFFMLJKx27D5g
DA:167,0,qSYPKrteHbXEIjm9hO4FUA
DA:168,0,Ep9HH7ruuGE9vajr3ERPug
DA:169,0,WjHLq4Kg626y27w/lVDAeA
DA:189,0,vES4j88WOYfJcVTq64M9gA
DA:190,0,pgLZu6gMm+EoC8RA9mEqJQ
DA:192,0,AQcj02CyuGO8caqvBzDf/w
DA:194,0,ZwEwNRtkwpMgV3TW1XqaXQ
DA:221,0,WyRDTBwo3rDPKNkD55Rtcg
DA:222,0,A9SWyp+2q9f58Vg0X6YBsA
DA:223,0,5aohFycjEW8pY+LQwt7WnA
DA:224,0,KfJbYsNyP+RAw58IPhOSfA
DA:225,0,CtffDcfuskEWavHMMLwDMw
DA:226,0,UYoby9hcImCMhFZ2DZMX/g
DA:227,0,8fNUJ/O8YYOVBjdT6f54Cg
DA:248,0,19PBikbu8NLg1Fo6t/j4wQ
DA:250,0,ai8GRaP3Sua++vsUw4Yddw
DA:251,0,2EZKIUMOviMnJHsIYlboRw
DA:254,0,F7ESPehV1nWD475e+i4X4g
DA:280,0,VFjzdlZ7bxNaVpssXw3BFg
DA:281,0,kCG90nyIonGUiPakYxAqPg
DA:283,0,1uyfcR3ECs8Cp4bGQ22FPg
DA:286,0,42WMn3fJk8HK7HeLTDdC8g
DA:287,0,MYERqX3exs+6z6dybqx64g
DA:288,0,xvWIcpcyNr0gyGcTkdMxXw
DA:289,0,cJrf/Ir/8HG2roKVKOdRdg
DA:290,0,NrDAqEqcJtvmQgQDEuBvhQ
DA:291,0,Hy82o95OGCwd2C3gyWjVlQ
DA:292,0,kVuje7M/ORBsaRPM7z7VOA
DA:293,0,deiIwaYRiEdV6LzjeIxCGg
DA:294,0,BrCY38P227dGdO6k++iafw
DA:295,0,tAlY5hEDxUNx9DHL5aZFLA
DA:296,0,l6TjtYHqcNyGECUCc2lV5w
DA:300,0,MuFiJJiWZ/jSZvJsKxg2Ow
DA:305,0,/dNuQLEysDNH1xAtKFXjfg
DA:306,0,QUNUm0KiSWvBWPuTLqMP4g
DA:308,0,xjcDBnSwra0OiNOAYAwoHA
DA:309,0,N0t49jSIfQVpOWrCWOGORw
DA:310,0,o7tvNiq40uwo8eP+lY5kyg
DA:311,0,QWs0V01IJNIA7IG10H5USA
DA:314,0,FQkjbwpvVs4w4Y3/sRO1aQ
DA:315,0,QQmufXxJoMcfU9bEfbOHQg
DA:321,0,ATZZ+U+KgEo2xkRT+lp7pg
DA:324,0,hiF1+on4Sw+MJ+wwJjbYlw
DA:326,0,DUGtyM58Tz99BNaEwJ3RbA
DA:330,0,I3oe4Whr5KZd1cyg6tdrvw
DA:334,0,bLrA+4sRIR8WBdhaZbd9PQ
DA:337,0,0d09BnOwC84e25vtDeB8VQ
DA:339,0,e9saZ+8uANEdg5zlcdvHeg
DA:340,0,zcwGVcR+zIumP2xzfoQcYg
DA:341,0,8IqHAEEmbBbEMj26pfyoBw
DA:343,0,PxSOMaVV0UKvhbt9LwaJ/Q
DA:370,0,kAd+ECwxTMp16wJ1hK/TVQ
DA:373,0,lKIbJUqfGrTKm78KBdXsuQ
DA:374,0,gUI+w85nS5AW7NMGRK3jEQ
DA:375,0,hCxo3nozewOpCnG1OWdFfQ
DA:403,0,lKIbJUqfGrTKm78KBdXsuQ
DA:404,0,Kdaij/wKFyD75j8n7od7Sg
DA:428,0,lKIbJUqfGrTKm78KBdXsuQ
DA:429,0,LvSM/ESZjSPR4Dl1OkO5XQ
DA:433,0,lKIbJUqfGrTKm78KBdXsuQ
DA:434,0,duwyOr41dgi1FS6Jl30gTA
DA:438,0,lKIbJUqfGrTKm78KBdXsuQ
DA:439,0,pi0YyK7zBx5il7lUPVrl4Q
DA:440,0,urVSf8Mi+PH+s/Dvjgx3YA
LF:140
LH:39
end_of_record
TN:
SF:pycolorbar/settings/colorbar_utility.py
DA:27,0,KthqkUuf4HjqD/ErVdxAfg
DA:29,0,4cCm6i28Vf95SUGCHimylg
DA:30,0,IWWjrCeOtk8NNtrE95++2g
DA:31,0,pIc/ONGysRiaBn+NnfbwrQ
DA:44,0,FXZNuI40VImteIqCLHBAIw
DA:47,0,rGYcrqSZ6ksyCDErSBbsAw
DA:50,0,fXZkU41+7VUTBJaImVhg6A
DA:53,0,FKFC+pDfC1jbKoIkc4qeVA
DA:54,0,+wRyjqj8+mURyduApIq02Q
DA:55,0,KE/Jina8xYWbmxtmjn9AUA
DA:56,0,MgYHR1zkFvQJBzwFUDM6+Q
DA:57,0,mOGH/OYN/zuTS4vRGWpXcw
DA:60,0,R95HgHUFYxO8Eclpuneufw
DA:61,0,mBYFZ5YZGn/rxPRUK60qqQ
DA:62,0,MGckB30rWcAzJUhSPbv88A
DA:65,0,mt24KVUA3MhJcZ5pRKzYwA
DA:66,0,6i3VGF2rGokKGPJR+KiJ8A
DA:68,0,IPNRPblnQk8BItkLbx/kXA
DA:71,0,veKF01/1mFc5YPxpbGA98g
DA:73,0,XDFv4r69S9e0M/7DjVRL5w
DA:74,0,YdM1xAhTkU7BK/yEq6aTog
DA:75,0,SL0E8XvhNl2g2huhZtPPFw
DA:76,0,MGckB30rWcAzJUhSPbv88A
DA:79,0,aEhmJVETdHGqz2mYprjimw
DA:84,0,xLxdnUbEBQzpZLtNgLb/Lw
DA:85,0,esty1MZ4Hf+yPYNaUWI57w
DA:86,0,NO+MWq9FtJ6k+hKQfI87qg
DA:87,0,MIov7GIoXVPqJMtiL4/OVQ
DA:92,0,LpkDBqKdl+CFWKYCrnRTkg
DA:96,0,mHDwum928oN6SqmeCf/I2g
DA:99,0,6ZzIsuyrtFzKrKjrqyf2MQ
DA:102,0,+eQkPR5vbtPUwYHwAnKOqQ
DA:103,0,BXKDvQkFJiLYAqN6tZGSRA
DA:105,0,/KNzkS2b0nwgKRm3Oge36Q
DA:107,0,HS0ppbZJrnUwJKSleTo20w
DA:108,0,mHDwum928oN6SqmeCf/I2g
DA:113,0,bTkop+1xhfo/yR9DLXsE8w
DA:115,0,Ut4ViYeEtC7vOIPT0PCYCw
DA:116,0,Hz0pBZ+Rau/5RNjaZzTLEQ
DA:117,0,AhTzpb8Gmi1S9QzyCGvijg
DA:118,0,ZbpSCIY2P4qQ32dqbmT6DQ
DA:125,0,CMCGALw6twHpupAzXmBxjQ
DA:128,0,1/G1tz9aJObl1DH4L/M1pw
DA:140,0,8RnBJKps6hALXVuvBE/hNw
DA:143,0,0bRNWnfcJCSzPpen/NMDag
DA:145,0,WHEMl9PgWfUSqaGqWeNUNA
DA:146,0,/L89+oS7wifMLNQZxUAtcw
DA:148,0,BPgv/4Bo+zKO7fgtLHD/GQ
DA:150,0,vN2lyeyqk9gE1B48MjrJIw
DA:151,0,eWeYCDUHK4AIARAjYHBjXg
DA:153,0,8X3dS25EDV6g26Coin1JXw
DA:154,0,qzDMRJn4r1uCBAmV19qChw
DA:155,0,quaDYlYdgAJTwuAxdbIplg
DA:156,0,AWjpcfuA1OWQR0vbsLoNXg
DA:158,0,NBjSQB1nLgt7SiUbYgNrwQ
DA:159,0,ZbpSCIY2P4qQ32dqbmT6DQ
DA:175,0,3HJqJSvXS8SoVNucfoQ0/A
DA:178,0,m6rGMgtd6XaM1G/YG2R9Cg
DA:179,0,uKj7YGkINzBcwJ1PlWhasQ
DA:180,0,hxYzEgixPIS6FFRgw7vQpQ
DA:184,0,0lZUjqBYD5g1CHvrNndVUg
DA:185,0,d7z+qhHoLs4FuCZR6qUjiQ
DA:189,0,Bf59TPNsluIaVmZQDFVjnw
DA:190,0,Cz/QKeJvpK5v84YcAWNX9w
DA:191,0,z9Szrefhv7//vprGlc6eSQ
DA:192,0,J/kLkQwlx6J75ssO5Pdn6A
DA:193,0,jcu7xZaNxlkPJ6eLS0rN3Q
DA:194,0,iEw00AzpvYAMjR4Izoy0RQ
DA:196,0,tr34i287vaxvhGhfrxvQqQ
DA:197,0,hUSlQgcVs5nfnXwFiCDKIw
DA:198,0,JOpYdHHubYU233rbyW9Dyw
DA:199,0,uANnORzSUXuX0PKHSaw48g
DA:202,0,hqXv057Qbsox7aDq1IIwIQ
DA:205,0,dQzI50hnfS1dNlbxoS6kRA
DA:206,0,hxTBz862YDwst9uRTWj9Yw
DA:217,0,QhMS8RGWqX/Tz1q25+fQnQ
DA:220,0,KWszihwISR4jJl9PaIYnjw
DA:222,0,S/7d+0AKucKgu9ZpdMA21Q
DA:223,0,8Z7J8Oawrvc5IfjbCsHaGw
DA:224,0,ODJQZvM9g+G1K2P/IqKoMg
DA:225,0,43kRXr+F2A84Qyz5Zwq/wQ
DA:226,0,Sfaw80IxQXd8ZNK7Y6XneA
DA:227,0,LsRQcquNN9jmPsOzwJ1x+A
DA:228,0,Sfaw80IxQXd8ZNK7Y6XneA
DA:229,0,2wanBn+stKcD11WrS/GILQ
DA:230,0,KLrLZ8oEf61w5Dgabd5Big
DA:231,0,dS3nvkVlXeB9IfVP4oC9zg
DA:232,0,FAf64LrIlr/N1gCG/jLtSA
DA:233,0,KHcJGkJtzWmSLrb/9WygMg
DA:234,0,VRHTzM9LF3QWeAc3aCIMkg
DA:236,0,OLRC6l6mSGuOUGbmFQjkXg
DA:237,0,YWtJzgMjPLVKQsjxwXengg
DA:238,0,w/xLhrwM3mZ0PxDkneLkbA
DA:240,0,ZDZK6Lp7S+DTKGBbK6xbag
DA:241,0,tvPi2TZoR16kuDwo1qxr4w
DA:244,0,pih0We9h4YcpitbGqnLLfQ
DA:246,0,WHEMl9PgWfUSqaGqWeNUNA
DA:247,0,HP33T1OrMb4aBw3W47PjVA
DA:248,0,145fNYjkQKUIrNwBrJYYJQ
DA:250,0,ugBFgv5mkBrz61GqdrmxNA
DA:252,0,Mp7dfvlwUTh+MPf7zhB0mA
DA:253,0,PbAAH/o3wLePaJHxSwZq8w
DA:255,0,fjEMGeFu1rL7bF9q2TWqIA
DA:257,0,4UTxbJbFx50WUc86W/n8Aw
DA:259,0,3Pku4oMwy+QVZ/9iw6ge3g
DA:262,0,bHuUAK3dxpWuIq8RYHUM4Q
DA:263,0,HcTXT0eQCTwhtSAlu8l+Xw
DA:265,0,u33N6wCyAaE16QwlH2Gl8g
DA:266,0,+DN0sD77Ibs1V51g4Wt/vA
DA:267,0,Hm+s1FjQIbEH+wWz6AMggQ
DA:274,0,8dEYOX/1Fl4w4BMQjOM2gg
DA:276,0,vO7Z/Q9ZeROZr3aZCXorTw
DA:277,0,bEdmKU9r+ky8v4Q5/VH5cg
DA:282,0,pTtn94Me2MFwVG2KAfJ+Hw
DA:285,0,qQzKIO7hlVztxXqxIBkvMw
DA:297,0,sT+MBDey1EycWYvkUAt3FA
DA:298,0,1B07GXUdYY5rwkkk3xwjww
DA:302,0,j4XaSdVrHcxtdBdwIMO/Cw
DA:303,0,CwisRx1hdEbpfPu0h/dT0w
DA:309,0,0WSu9pnfIPAZCMyUcitv9A
DA:310,0,A94DIqTfe1r/bvIhzMf4IA
DA:316,0,mk21NS+c2EydtA8kOtQ4gA
DA:317,0,3q2HJbHRFVojU9rKmzuuYQ
DA:322,0,z3kYljfwErcvc0EgmDHXKQ
DA:323,0,jpB6ejBDnDWiaVrafoSVFQ
DA:327,0,gRmm6IE0ty2qIRysMcNdAA
DA:328,0,6aPFsQmoDaWeDY7tCaKqPg
DA:331,0,W/JfwH7KLP78zRvA7sJJAg
DA:332,0,pUp/DBGOfjpQXKrizABPkg
DA:334,0,8qP3nz/R10uuO3NnwV0Zig
DA:337,0,gSm8CLI6XapYhrHRuabrnQ
DA:338,0,ngYxAPUH5IHo129p1XGaVQ
DA:339,0,iGka8s/UfBqnRAx3M/QfRg
DA:340,0,uUM06QWQVoOtO1fWm2JiUw
DA:341,0,Bmqsr/YnZi3iNPZw2ttA6g
DA:342,0,NZ1+YqpRloavsY0HP8I+sQ
DA:345,0,pwdG1rRY1jalH0GwToNH3g
DA:346,0,iGka8s/UfBqnRAx3M/QfRg
DA:347,0,oBQrAF4+C/Tgar0Ce8dPQQ
DA:348,0,trVMijc9pEufHtPEuIJqlw
DA:349,0,JQ/Td+yduUxR0nCPOa7a3w
DA:350,0,BNzMMaKOEnv+hNJNLRQyxA
DA:351,0,8CKq2sy1+1UR8JjCEcm1/g
DA:352,0,5eVgcsTHqpEpZMS0VyT8Pg
DA:355,0,nNYCAWFOivGnrP7EnJAxUA
DA:360,0,7c9RVcMOfq7rUB6kydWQhQ
DA:361,0,Z+ZZDB+EMh2ZWNpXhPaBpA
DA:362,0,sa9p4sZztz+/opzPsw6nkQ
DA:365,0,5Ix+XaTdzPrprgfJ6ZaJuA
DA:366,0,s+x7BrGX2rZcOZ5KB4GgGQ
DA:368,0,exzMptyH87Z3w1BmsCG/AA
DA:369,0,8GTttvhbyvEal+lGqv7QSA
DA:370,0,h6sgPGGm93VKT278Jw84rg
DA:371,0,oE3pLp+6gDtezHC7bmTHRg
DA:373,0,2MX7MU6dpG1gQhb3feJiqw
DA:374,0,9FQN4E7nmKi3uuS7onwnqQ
DA:376,0,SYbGjozB1dGdMoBSJuR/FQ
DA:378,0,VsEpdT+/AyFfeCT8ohaDiA
DA:379,0,INpI+8i0TB9bcgyhxuciQA
DA:381,0,uyYxYR2VJ/lAe4GAW90tZA
DA:383,0,4k8CGP2wh3zeFSAfLwTBRg
DA:385,0,dAXMTWLmSB8I00NIjybYvQ
DA:388,0,nL5YUxl78sU/iVwQeymzeQ
DA:389,0,7c9RVcMOfq7rUB6kydWQhQ
DA:390,0,Z+ZZDB+EMh2ZWNpXhPaBpA
DA:391,0,w5iWhPCFaHSakSuVFCBQ6w
DA:393,0,xjcDBnSwra0OiNOAYAwoHA
DA:394,0,eFMC779L5dPIUgEqyZ05ag
DA:395,0,Fk4bBgdweLji55NgasSNsQ
DA:396,0,nmY7CtRZmEmYjr1lv8SD4g
DA:397,0,Um4zbL1Gs8jQTNSKyr0hFA
DA:398,0,Qirx+S5/3tyvEWkFr/SFWQ
DA:400,0,o7tvNiq40uwo8eP+lY5kyg
DA:401,0,lNfJWELlHAfHCYaE534Gzg
DA:402,0,EOoSpHVggUagTZA3Y4uHMA
DA:406,0,J00ja1LA85dMkn7ZfB9GTg
DA:409,0,E7FwwIjm9NQOr7gQtiiKfA
DA:410,0,7c9RVcMOfq7rUB6kydWQhQ
DA:411,0,Z+ZZDB+EMh2ZWNpXhPaBpA
DA:412,0,akBN/b1y1WmIcpzMIA53rg
DA:413,0,uvwPaN251fLApGx/b/rgKQ
DA:414,0,x88ZYVddjkqMmw6Kh5jj5g
DA:415,0,0dfhcWyGo3wu4ktTNpyarw
DA:418,0,T2WtCxlVuXG7Wjh102QnYg
DA:419,0,YPZFBfGfPOzvwYb0sPXZMg
DA:420,0,RYX0KEfPn2SpBY7yts3rxA
DA:421,0,EVZd+Ehy4b7HBAmSzg/fwA
DA:422,0,In3Zs0ZnK/+nTMTqfZa48w
DA:423,0,EjlFq9KyVKQ8r0vFXkna+Q
LF:189
LH:0
end_of_record
TN:
SF:pycolorbar/settings/colorbar_validator.py
DA:27,1,GPtNJtRQzOiAPaQrlU9gmg
DA:29,1,p7hNY1S5rX9QtYADf+cK4g
DA:30,1,xwyom93EwWnA4/FxIe0Zxw
DA:32,1,IWWjrCeOtk8NNtrE95++2g
DA:33,1,r12AWfnKu2fu1YggEu/UxQ
DA:35,1,Jy65emxdKZjni4NJcDaoEQ
DA:38,1,XBd1y29+RfHY8NfPKiRCIQ
DA:39,1,xbVjaWtdrcdGZ79dIyJ1qQ
DA:40,1,Vz/TIcVMvRBNeBIgviPl8g
DA:41,1,3rKrCromLz1fY2Yfbt03NQ
DA:42,1,GjJ2TZE6XzepxycCvBEKQA
DA:43,1,49gtLFTdWJMFZx/id/8Z6w
DA:44,1,NhpBG+RSeVu5jnM3WdZDIg
DA:45,1,M0eO0mTtjpRwNhbfQ/I87A
DA:46,1,QAw9+QFY6p7SQmS7HT5Tng
DA:48,1,kMo63jS8DXfENzj9geviow
DA:49,1,AKTkeqVgZxPnzxe04vdGyA
DA:51,1,YMOkQxmN/5hY1DkAU5Xk4Q
DA:52,1,n5EFUY1/oqnVzuoFtQ2W9g
DA:65,1,ZLCY5GVMIgH/51teFMiKVg
DA:66,1,DZUuFPz2EoYSOWdxLA0qtQ
DA:78,1,kEugKC3ohXkqG714VRsacA
DA:79,1,Old7oCeNqWchbKI5xbPrGA
DA:101,1,+B4ByVYsegHJkY4cjNwJEg
DA:102,1,4RD2gbTSnLUJmHHLmwlbsg
DA:111,1,KSiqJ1tg3a4ciSgDyNBBBg
DA:117,1,oL7gu9dvl45Tpw0QZIERBA
DA:124,1,uzst286pUcoamywfB1I0eA
DA:131,1,57EQ7+AG3w93nf7dGnQvmg
DA:135,1,PyapbbGi/oXVz75BvHgWEw
DA:140,1,fGYVBrNSySLxtWbPmI0UqQ
DA:145,1,P3kW27jkbi8XBkrH86VjUA
DA:157,1,v5iugCRwLNDPLAodiHuUIw
DA:158,1,40VUa5r19E72Qca1IMAqtg
DA:159,1,gIB2r0veRrB43daC7CZm3g
DA:160,1,4Urz3SWuv6+pT2VS1ozyyw
DA:162,1,Y0Bry8UDRCWfezRWVD0h9w
DA:163,1,ujmqB5jJ/D2dvXLRkQMSLQ
DA:168,1,tSq5aLP5UdmWYHlwAZ79kQ
DA:169,1,muWBlcv/Qg4xWjBUcVJWWA
DA:175,1,tSq5aLP5UdmWYHlwAZ79kQ
DA:176,1,BRBXfjcIQvpslJVZ2uhE3w
DA:183,1,8+go5V0ogcUqyp+57uaRwQ
DA:184,1,TpvYwPZhhaCysF/lYdv+Rg
DA:185,1,JrVn8kM5OsXPJeNghjTshg
DA:187,1,hHAGhacuOhsYXXE/yK5GSw
DA:188,1,AWiWZajaDdkEFzai7+SAvw
DA:196,1,QSyHlEYIbclDp+RWcA2CAA
DA:197,1,ZJEbAToUD23ZfKo4hHX0xA
DA:204,1,OSGEDkd8A0SOtuYJ6oLJgg
DA:207,1,VoJRVVhR8+H8O7H2ukgjAw
DA:208,1,dIRMdgcsHPOt8aaQMCA6zA
DA:209,1,4Urz3SWuv6+pT2VS1ozyyw
DA:210,1,d2jy43Q7k9IMMn7uxbq7xg
DA:212,1,7bo7MccFFPLEJ4QKiafIow
DA:213,1,UXqiP/92aeU/y18pKMmzLQ
DA:220,1,Y0Bry8UDRCWfezRWVD0h9w
DA:221,1,ujmqB5jJ/D2dvXLRkQMSLQ
DA:226,1,tsCZ6C5Q+kRxnBqf1FObJA
DA:227,1,JuW/ZqsTKouYH7MUvypNvg
DA:233,1,90nmlie8Iu6c79dpzs0LGQ
DA:234,1,Hwd/93VU2GhLcFT6t0MUtA
DA:258,1,tSq5aLP5UdmWYHlwAZ79kQ
DA:259,1,BRBXfjcIQvpslJVZ2uhE3w
DA:266,1,sCL6P3pv7dN7AgOwQNXIrw
DA:267,1,40VUa5r19E72Qca1IMAqtg
DA:268,1,gIB2r0veRrB43daC7CZm3g
DA:269,1,4Urz3SWuv6+pT2VS1ozyyw
DA:271,1,Y0Bry8UDRCWfezRWVD0h9w
DA:272,1,ujmqB5jJ/D2dvXLRkQMSLQ
DA:277,1,tSq5aLP5UdmWYHlwAZ79kQ
DA:278,1,muWBlcv/Qg4xWjBUcVJWWA
DA:284,1,tSq5aLP5UdmWYHlwAZ79kQ
DA:285,1,BRBXfjcIQvpslJVZ2uhE3w
DA:292,1,pF0ac/uyTwVspY8FxrFY8w
DA:293,1,hHkCllp2BTbbrEAIlIgegA
DA:294,1,lCsGp7gTQoaMAfUTmNAB4g
DA:295,1,4Urz3SWuv6+pT2VS1ozyyw
DA:297,1,Y0Bry8UDRCWfezRWVD0h9w
DA:298,1,ujmqB5jJ/D2dvXLRkQMSLQ
DA:303,1,PdChNtn/ADcPRaReHORLYA
DA:304,1,L4QuZWzsE2n21yDxOnfTQQ
DA:309,1,eNNOqseTBZD77SBCyYA95g
DA:310,1,fiRLXzBQZpsEzQzxSWYeTQ
DA:316,1,tSq5aLP5UdmWYHlwAZ79kQ
DA:317,1,BRBXfjcIQvpslJVZ2uhE3w
DA:324,1,QqHDYmIwNsmq7b9MGHETJQ
DA:325,1,f/5MqqmFtY8g8z8bIpTw3g
DA:326,1,40VUa5r19E72Qca1IMAqtg
DA:327,1,gIB2r0veRrB43daC7CZm3g
DA:329,1,PdChNtn/ADcPRaReHORLYA
DA:330,1,L4QuZWzsE2n21yDxOnfTQQ
DA:335,1,tSq5aLP5UdmWYHlwAZ79kQ
DA:336,1,n6eLvbcRmMZxFL0cX86Fhw
DA:342,1,tSq5aLP5UdmWYHlwAZ79kQ
DA:343,1,BRBXfjcIQvpslJVZ2uhE3w
DA:350,1,bVu+nPwF8HFuJGTR1zuggg
DA:351,1,40VUa5r19E72Qca1IMAqtg
DA:352,1,gIB2r0veRrB43daC7CZm3g
DA:353,1,4Urz3SWuv6+pT2VS1ozyyw
DA:355,1,Y0Bry8UDRCWfezRWVD0h9w
DA:356,1,ujmqB5jJ/D2dvXLRkQMSLQ
DA:361,1,tSq5aLP5UdmWYHlwAZ79kQ
DA:362,1,muWBlcv/Qg4xWjBUcVJWWA
DA:368,1,tSq5aLP5UdmWYHlwAZ79kQ
DA:369,1,BRBXfjcIQvpslJVZ2uhE3w
DA:376,1,2SJ+7mW6+yAs/rh68n2mwQ
DA:377,1,81DaD6qkV/sWf/hi+GYQlg
DA:378,1,LgwK0rb7D+ABen4B6qNZhQ
DA:379,1,vGcDw4qorAm/wJChZdsPkA
DA:380,1,40VUa5r19E72Qca1IMAqtg
DA:381,1,gIB2r0veRrB43daC7CZm3g
DA:382,1,4Urz3SWuv6+pT2VS1ozyyw
DA:384,1,FEwJWG+pEb+Amg19S6GOjg
DA:385,1,zrw0z4mn0vjj0bSlmixPaA
DA:390,1,PjjElX4WornISVBIoSfaeA
DA:391,1,cyRyl/7KxPgT0e36tqy0Pg
DA:397,1,Y0Bry8UDRCWfezRWVD0h9w
DA:398,1,ujmqB5jJ/D2dvXLRkQMSLQ
DA:403,1,tSq5aLP5UdmWYHlwAZ79kQ
DA:404,1,muWBlcv/Qg4xWjBUcVJWWA
DA:410,1,tSq5aLP5UdmWYHlwAZ79kQ
DA:411,1,BRBXfjcIQvpslJVZ2uhE3w
DA:418,1,9HIfVxt5Ybln6e3c/jgeLw
DA:419,1,D9KvHGwUDXRSavyDdc6y0Q
DA:420,1,40VUa5r19E72Qca1IMAqtg
DA:421,1,gIB2r0veRrB43daC7CZm3g
DA:422,1,4Urz3SWuv6+pT2VS1ozyyw
DA:424,1,2KaruAqmLvKe3682xgbWXg
DA:425,1,jCjANu10GvbmXNdDipnw3w
DA:430,1,Y0Bry8UDRCWfezRWVD0h9w
DA:431,1,ujmqB5jJ/D2dvXLRkQMSLQ
DA:436,1,tSq5aLP5UdmWYHlwAZ79kQ
DA:437,1,muWBlcv/Qg4xWjBUcVJWWA
DA:443,1,tSq5aLP5UdmWYHlwAZ79kQ
DA:444,1,BRBXfjcIQvpslJVZ2uhE3w
DA:451,1,u6I5z9QrTHME6tz9ubhH8A
DA:452,1,pukI4bQJ1zRP0s88JiNISg
DA:453,1,40VUa5r19E72Qca1IMAqtg
DA:454,1,gIB2r0veRrB43daC7CZm3g
DA:455,1,4Urz3SWuv6+pT2VS1ozyyw
DA:457,1,uUEfRZLBhVbMNSNvm8crkw
DA:458,1,cUCTyWoi603CreYWsDss8Q
DA:463,1,Y0Bry8UDRCWfezRWVD0h9w
DA:464,1,ujmqB5jJ/D2dvXLRkQMSLQ
DA:469,1,tSq5aLP5UdmWYHlwAZ79kQ
DA:470,1,muWBlcv/Qg4xWjBUcVJWWA
DA:476,1,tSq5aLP5UdmWYHlwAZ79kQ
DA:477,1,BRBXfjcIQvpslJVZ2uhE3w
DA:484,1,rAtrSRs/DvxjXvZ0TPVD/w
DA:501,1,ByfDuJ9TVVseUYXB0UDFgw
DA:528,1,5kJZYZfae8H/rukEYi525w
DA:529,1,d2jy43Q7k9IMMn7uxbq7xg
DA:530,1,YLT8IWcGPChROkoQiUyIxw
DA:531,1,72lugblOT0hFAmRXzKvTyw
DA:532,1,nhFqLW2Ob0nRSqQM4ot7Zg
DA:534,1,kMo63jS8DXfENzj9geviow
DA:535,1,AKTkeqVgZxPnzxe04vdGyA
DA:537,1,tsCZ6C5Q+kRxnBqf1FObJA
DA:538,1,JuW/ZqsTKouYH7MUvypNvg
DA:544,1,qjYB/AHHuk8237CTrfoN2g
DA:545,1,sEjbA9HK6vpe7kedMQPTKg
DA:556,1,usksn03WgNuULVVbFSX1ZA
DA:557,1,CdOv9uN1oj4ImV2K7x14Tw
DA:563,1,KJ+s3DcFs4zEJ9QyTl+s0w
DA:564,1,BogWPVUEWulfTc9pOisj4A
DA:574,1,o9XjOM4q7Ua2OHpVKTDKGw
DA:587,1,FxkoCXz9Txzbw9xF/W4b5g
DA:606,1,n7y9GBjFzCibsCuqUwHsmg
DA:54,0,kX7CudPF0rVZy6YE1pS6zQ
DA:56,0,ny+g69abJfMwUpT3z7HVaQ
DA:57,0,Sdu7zamZIY4LFCgHgwP0bA
DA:58,0,hg5lS4RlIciWjwueR9O1ig
DA:59,0,J5qn3dhqNfcFTprf8QZmyg
DA:60,0,6N11Tir9jpsGFnHa0LXtHQ
DA:61,0,UYmETruUPNFQlp/AYm2HLA
DA:62,0,FZ4cCkL/kGo7L7Pa9pQGzw
DA:63,0,J0XTFsr5s8O3VnG6hdSPNA
DA:67,0,ggp35gy77mrycz34UY+f8A
DA:69,0,Hm11Ashcz/1iGC6/CYBwSw
DA:70,0,kpGnjDhCstVVJR+iKXgj+w
DA:72,0,xWvhyappStYVR0xwv8vmwg
DA:73,0,t3tJNK66E+kt+c8GRrgX5Q
DA:74,0,NMfZI4K+SqUzclleIGyJRA
DA:75,0,jkTCw9iDQj/kpW1z0b4RCw
DA:76,0,J0XTFsr5s8O3VnG6hdSPNA
DA:80,0,PzoMzofZRZJKAFTi73I3Lg
DA:81,0,QP0FJCIzxuyiOVRMCZXPUw
DA:83,0,zmzxmvUF3j/aTXrKiQi4gA
DA:84,0,mpX7XJVvQIAAue1eswLAxA
DA:86,0,TKirzZ3tzDZWXyzfjV3mGw
DA:87,0,9VohlrI51iSgnfXYAqn+Kg
DA:88,0,3s3HcOh6nSRpMt+st9b/xw
DA:91,0,U5EfbfKbxVbBTT2WlkTHYw
DA:93,0,XK01G/kgAPOkkQZ6/aEUNg
DA:96,0,o1r+/slDQp9nF3cL7ObdDA
DA:98,0,YyTdLO3prVpWemILz5xo3w
DA:99,0,J0XTFsr5s8O3VnG6hdSPNA
DA:103,0,ggp35gy77mrycz34UY+f8A
DA:104,0,ogNgIzFRdlgsPpprd/njdg
DA:105,0,J0XTFsr5s8O3VnG6hdSPNA
DA:112,0,XPnASFYhhIpoAPohTVAe7Q
DA:113,0,9uniyfp2yuQYVxmyMozQ9g
DA:114,0,2gB9LiTiPqpzCu23xHcTIQ
DA:118,0,3PNLlw/yxWwlkqknRTKC/Q
DA:119,0,RepSaRRq8xX9/bhjGQ70/w
DA:120,0,XVRPFO8PjDP8mNB8DNvI3A
DA:121,0,++fIyg6nQ1NqtAwz1eFbYw
DA:125,0,i4OBZA60WO0kmEzvR7lymw
DA:126,0,L69jlHuFywJC7/g9nbn6Dg
DA:127,0,jZqwLa/p+h012vIE9cGJwg
DA:128,0,rJpgR7Iva/L85APfnwVvBA
DA:132,0,LYdn5fYM/7/LPQeBwi5eMA
DA:136,0,0wEtkfyEjqWQCxTZtjhJUw
DA:137,0,HNbREtLG9G2+MBs/mjd9xg
DA:141,0,o2GHYGMdKlCOW0YwYedtLw
DA:142,0,0nK+EgLr0UXEiiY3uiaRyw
DA:146,0,4CGaA9xvRG4WHrKLc+OTuw
DA:147,0,5pxVxZLGcWRTL5jKx3d8DA
DA:148,0,7nE6hlMnYD9OzIXrhbuArw
DA:149,0,rXn0YYoX3B5uVLTa5kEq+w
DA:150,0,F6viSmVGpw6IoxkqQBPQXQ
DA:151,0,5YeyFMN7xtLNpCIvx1sByw
DA:153,0,gQVLfccLPqriRExnodk6bA
DA:154,0,vkm+ZEaHRh92lfjjuNM+TQ
DA:165,0,gFtj5mcXhdXcTO0CQyFSVA
DA:166,0,J0XTFsr5s8O3VnG6hdSPNA
DA:171,0,jd9VmdwaOIQ+WSQhH3XjUQ
DA:172,0,nNhaAxLOWwtuyGWNfRQknA
DA:173,0,Xdt+OJjuH4tYp5rLMnhOUg
DA:178,0,5euO4/cmoQOvgMiwlzaQkQ
DA:179,0,AIjFTJRMdGkUfz0Jc9LypQ
DA:180,0,Xdt+OJjuH4tYp5rLMnhOUg
DA:190,0,ggp35gy77mrycz34UY+f8A
DA:191,0,ZqWAZ0mWyodxiEmxlNQQaA
DA:192,0,k6lt/2hdTADUYmPO/3e4Lg
DA:193,0,S5nUYCwjFlstuelMkT/dyg
DA:194,0,J0XTFsr5s8O3VnG6hdSPNA
DA:199,0,ggp35gy77mrycz34UY+f8A
DA:200,0,vG29Iy6ptaCcEb+joBZ0JA
DA:201,0,J0XTFsr5s8O3VnG6hdSPNA
DA:215,0,WD3cIEsgNXmF7vatT+DC2Q
DA:216,0,1X8Rh/udv4Fg2eRejOp3nw
DA:217,0,3UrMiEUdCzvfD+DOFeenuQ
DA:218,0,J0XTFsr5s8O3VnG6hdSPNA
DA:223,0,gFtj5mcXhdXcTO0CQyFSVA
DA:224,0,J0XTFsr5s8O3VnG6hdSPNA
DA:229,0,ggp35gy77mrycz34UY+f8A
DA:230,0,YTnEErbgLpGkvw5lSFsWUA
DA:231,0,J0XTFsr5s8O3VnG6hdSPNA
DA:236,0,ggp35gy77mrycz34UY+f8A
DA:237,0,RWnJK5AirXS13uKPWux46w
DA:238,0,EmfUEE4ETSqPId+mHnc4WQ
DA:242,0,jBPiMgKI1ek/ISfK4Cpahg
DA:243,0,q6e1U1uKzhCUlT+TraUmZg
DA:244,0,THfzwJyk4vNDQyL4ncInqg
DA:245,0,2k2+D1zuE47bsZ4fvsZ7bQ
DA:248,0,wSwBwfZKvvJ1+SLaUyQNRg
DA:249,0,2k2+D1zuE47bsZ4fvsZ7bQ
DA:252,0,tBsqTvsqRjlKI4/CZH4KEQ
DA:253,0,2k2+D1zuE47bsZ4fvsZ7bQ
DA:256,0,J0XTFsr5s8O3VnG6hdSPNA
DA:261,0,BTO39vjFqYRsA2HsxfdL6g
DA:262,0,4GZXpcxKewelvhDgh57TFA
DA:263,0,Xdt+OJjuH4tYp5rLMnhOUg
DA:274,0,gFtj5mcXhdXcTO0CQyFSVA
DA:275,0,J0XTFsr5s8O3VnG6hdSPNA
DA:280,0,jd9VmdwaOIQ+WSQhH3XjUQ
DA:281,0,nNhaAxLOWwtuyGWNfRQknA
DA:282,0,Xdt+OJjuH4tYp5rLMnhOUg
DA:287,0,5euO4/cmoQOvgMiwlzaQkQ
DA:288,0,otAH73N4I3L/F2Pi2qQ49Q
DA:289,0,Xdt+OJjuH4tYp5rLMnhOUg
DA:300,0,gFtj5mcXhdXcTO0CQyFSVA
DA:301,0,J0XTFsr5s8O3VnG6hdSPNA
DA:306,0,FRcR8B1yKhnKPmbGGDNr/A
DA:307,0,J0XTFsr5s8O3VnG6hdSPNA
DA:312,0,ggp35gy77mrycz34UY+f8A
DA:313,0,HvFB3vU3ZzbyDWwkR7n8KA
DA:314,0,J0XTFsr5s8O3VnG6hdSPNA
DA:319,0,3dfRQ7Tc/SNRDKSNJl/Ggw
DA:320,0,X7+MzKAJsVqeJTgKjclVfg
DA:321,0,Xdt+OJjuH4tYp5rLMnhOUg
DA:332,0,FRcR8B1yKhnKPmbGGDNr/A
DA:333,0,J0XTFsr5s8O3VnG6hdSPNA
DA:338,0,87d+lr9W4snYCmJHN8p3iA
DA:339,0,XZ0RdlrtzVj8fdyjXE8grA
DA:340,0,Xdt+OJjuH4tYp5rLMnhOUg
DA:345,0,+xfhGSPmjXAQwU5cX5MMiw
DA:346,0,W+PFOYeZGY/buEwow+cAfw
DA:347,0,Xdt+OJjuH4tYp5rLMnhOUg
DA:358,0,gFtj5mcXhdXcTO0CQyFSVA
DA:359,0,J0XTFsr5s8O3VnG6hdSPNA
DA:364,0,jd9VmdwaOIQ+WSQhH3XjUQ
DA:365,0,nNhaAxLOWwtuyGWNfRQknA
DA:366,0,Xdt+OJjuH4tYp5rLMnhOUg
DA:371,0,5euO4/cmoQOvgMiwlzaQkQ
DA:372,0,gqmNa5NTNjXHpbB5hHS1Mg
DA:373,0,Xdt+OJjuH4tYp5rLMnhOUg
DA:387,0,DM8a75mRCf+lCSGJPRtdWw
DA:388,0,J0XTFsr5s8O3VnG6hdSPNA
DA:393,0,ggp35gy77mrycz34UY+f8A
DA:394,0,SqARmKddsLHuLoXuhTGdyg
DA:395,0,J0XTFsr5s8O3VnG6hdSPNA
DA:400,0,gFtj5mcXhdXcTO0CQyFSVA
DA:401,0,J0XTFsr5s8O3VnG6hdSPNA
DA:406,0,jd9VmdwaOIQ+WSQhH3XjUQ
DA:407,0,nNhaAxLOWwtuyGWNfRQknA
DA:408,0,Xdt+OJjuH4tYp5rLMnhOUg
DA:413,0,5ILA0CgELhCC9UyfZcnj9w
DA:414,0,Hz/OikZKcrHW/hOAdrpviA
DA:415,0,Xdt+OJjuH4tYp5rLMnhOUg
DA:427,0,/WmBl5V8wGgL815s95LyWg
DA:428,0,J0XTFsr5s8O3VnG6hdSPNA
DA:433,0,gFtj5mcXhdXcTO0CQyFSVA
DA:434,0,J0XTFsr5s8O3VnG6hdSPNA
DA:439,0,jd9VmdwaOIQ+WSQhH3XjUQ
DA:440,0,nNhaAxLOWwtuyGWNfRQknA
DA:441,0,Xdt+OJjuH4tYp5rLMnhOUg
DA:446,0,Wg23X4sWA+NsdKPUh5xhDg
DA:447,0,kUMQDQsvBkyKYvBVhlbdjA
DA:448,0,Xdt+OJjuH4tYp5rLMnhOUg
DA:460,0,96DgXiBmP225Be8CSbkQ3Q
DA:461,0,J0XTFsr5s8O3VnG6hdSPNA
DA:466,0,gFtj5mcXhdXcTO0CQyFSVA
DA:467,0,J0XTFsr5s8O3VnG6hdSPNA
DA:472,0,jd9VmdwaOIQ+WSQhH3XjUQ
DA:473,0,nNhaAxLOWwtuyGWNfRQknA
DA:474,0,Xdt+OJjuH4tYp5rLMnhOUg
DA:479,0,0GdxhADVZdDGyyjPWGsRig
DA:480,0,RYnmpvZQV7W+kD7+mKNGnA
DA:481,0,Xdt+OJjuH4tYp5rLMnhOUg
DA:485,0,kO2LDtdfUOxie9mPETubOA
DA:497,0,sYbweEND5FT/BseUDdSpSQ
DA:498,0,zRu7uPAUGUBtzBIHfoXp3Q
DA:503,0,BxqF7v2BkHUedMiEl1/BYw
DA:504,0,Ga5HjP2587B5pcY7Cef/rQ
DA:506,0,ZnBH8nzz5PA8vsML2M70Rg
DA:519,0,xJwlexQbEBb7DMwjmIzoJQ
DA:520,0,vN2lyeyqk9gE1B48MjrJIw
DA:521,0,eWeYCDUHK4AIARAjYHBjXg
DA:522,0,6KdcXIvRd8v/WtT7Tgl/Vw
DA:540,0,ggp35gy77mrycz34UY+f8A
DA:541,0,YTnEErbgLpGkvw5lSFsWUA
DA:542,0,J0XTFsr5s8O3VnG6hdSPNA
DA:547,0,ggp35gy77mrycz34UY+f8A
DA:548,0,6ODqxLRqQL52crPFhejvIA
DA:549,0,L/EOSa1j3GlV/qdavsycBA
DA:553,0,D4PSyAE9p/g5N63g9isxRA
DA:554,0,J0XTFsr5s8O3VnG6hdSPNA
DA:559,0,ggp35gy77mrycz34UY+f8A
DA:560,0,OfHhpDF5uPGaOAm4a09Xqg
DA:561,0,J0XTFsr5s8O3VnG6hdSPNA
DA:566,0,ggp35gy77mrycz34UY+f8A
DA:567,0,tdMSFNZhnmi0KDMePXy+Lg
DA:568,0,J0XTFsr5s8O3VnG6hdSPNA
DA:575,0,qvFYmo9U62WqBsctyYhS2w
DA:577,0,irDfcN4KsgABvLVZoiT4FA
DA:578,0,xQWAj8mAN8NsYo0KNHvd4g
DA:579,0,81fMrzapQ0KFRp1WeQBBtw
DA:580,0,cp6FLfbiD6pG2rozS99dUw
DA:581,0,H82YRzJjaWiX9UpDLgn4fg
DA:582,0,qU0660JbswtbGTlVHxUllQ
DA:583,0,F38aQf1D+LRDGSBtY8BPQw
DA:584,0,bTFEbXFsv/R8jX7H5Yi+Xg
DA:588,0,hJEvQW9h0Az4q7QG5pxy0w
DA:589,0,8DvKSwlbLUv+G8Xb7KV/4A
DA:590,0,l6TjtYHqcNyGECUCc2lV5w
DA:591,0,R72Hy0LJrTT82LI7dufpiw
DA:592,0,bpqwyFCsF2nQufWAUcGq3Q
DA:594,0,UxNbuIUdji9qdp5AIW0Q+A
DA:596,0,FKFC+pDfC1jbKoIkc4qeVA
DA:597,0,TOcCO4sXgcOnP3SnZvboGQ
DA:599,0,v5g3H8K9sFftnZdfnWFNhA
DA:600,0,+g21eQWFk7MvpJL/nc9w6A
DA:603,0,lwQlK81u7lX0hzpowEFChg
DA:608,0,PVNo/2JhJwq1+Nk7f/+PUQ
DA:609,0,SItzWtuM/o//ZgzZ0yjYHg
DA:610,0,8fNUJ/O8YYOVBjdT6f54Cg
DA:613,0,+eQkPR5vbtPUwYHwAnKOqQ
DA:614,0,BXKDvQkFJiLYAqN6tZGSRA
DA:615,0,1vIzcLjo23/3SEm4g4w+jQ
DA:618,0,rUhFCWCryVxT+keVF51YpA
DA:620,0,B/Fo9U4/nMeRNS1JjGZVyQ
DA:621,0,KwD6EV5zTm/cKXlFqWwsUQ
DA:622,0,vy6CgW37KXB6tZmtM5IONw
DA:623,0,sxBwND+Lx6uAnjaYjVIK7w
DA:624,0,5YCUJDq7B/CXWV1Srjg19Q
DA:626,0,B/Fo9U4/nMeRNS1JjGZVyQ
DA:627,0,W6h/kNl+GDMxia2ntUqv6Q
DA:628,0,vy6CgW37KXB6tZmtM5IONw
DA:629,0,sxBwND+Lx6uAnjaYjVIK7w
DA:630,0,w5YoDQagEy092H9JGkG3aA
DA:632,0,B/Fo9U4/nMeRNS1JjGZVyQ
DA:633,0,Kd+B0WL5NFMsCKDGAaBZlA
DA:634,0,vy6CgW37KXB6tZmtM5IONw
DA:635,0,sxBwND+Lx6uAnjaYjVIK7w
DA:636,0,rNgbqzMcVrkfrAn5TWh2wQ
DA:639,0,B/Fo9U4/nMeRNS1JjGZVyQ
DA:640,0,kxRndqFj3o9mmuBOiGJCdQ
DA:641,0,vy6CgW37KXB6tZmtM5IONw
DA:642,0,sxBwND+Lx6uAnjaYjVIK7w
DA:643,0,MzLoaX5kHbAz4WolQJU97A
DA:645,0,0aFJqRHe/vDKG0yp9/a3pA
DA:646,0,UlGP3EW4gLej/txjN2ANvg
DA:649,0,CLHZg9Jvnx7+M0fJf/zuuQ
LF:406
LH:169
end_of_record
TN:
SF:pycolorbar/settings/colorbar_visualization.py
DA:27,1,gaC270ae7mbu20r9SoTM7Q
DA:28,1,/6BCF/ROSidz51ZAydY62A
DA:30,1,4cCm6i28Vf95SUGCHimylg
DA:31,1,H6Ih3lhVTepkL/uzTHkubA
DA:32,1,IWWjrCeOtk8NNtrE95++2g
DA:35,1,6NKWldNsU1GA+sj9NlUtpw
DA:51,1,wsDHMJb5tjc2b13jGPuZ4g
DA:59,1,eA/098t5vhrT5lc8AEaGKw
DA:98,1,pMs3zO0k9z8+i4sFlySk2g
DA:109,1,Gazc3+jNz+rt7Jw9ma7DCQ
DA:37,0,/hMrIG4si4LGmJrfc5LDkA
DA:39,0,m5j4hO0oIRrMmveQ191oXg
DA:46,0,eoXXwS1ftPOXOOC7rEgjfA
DA:47,0,J3zGBeUqb3VKRLhZ+t7/eg
DA:48,0,BD6G4G4UbjCQKXpfqGGAwA
DA:53,0,YsSFMHbGWHxTUve3/TfqcQ
DA:54,0,RycMS5GkTnmBzkT9HIEx9g
DA:56,0,4kNLOHKUNXRRapYYUlvOCg
DA:61,0,GaV6JhU4g30fQ4n4KuLy1g
DA:62,0,jEuiN8+tUIk+yje30C1mvQ
DA:65,0,nCgxXfwTD+7/aqmqh0nwNw
DA:68,0,u2MIrtODnBE0lNqrVyVGhQ
DA:69,0,UyRa5t76TS3pgPTUHoJO+g
DA:70,0,oiyUjqwyvfA/VyFWGRzS2Q
DA:73,0,dljPTujgUpfB6A8p5OkXgw
DA:76,0,6zwmR7HyX8i5WqdyaW5WgQ
DA:77,0,4/NwpKmIuehWLCeZJOtk6w
DA:80,0,/dKp5qmA0h4bw/9hTkLjyA
DA:83,0,CsJEYCp/yVDCDPp4jMQEzQ
DA:86,0,zMZxl6C0UwDw960mYDgk6w
DA:87,0,1K+x6sQ7l2SsNTDXP1ewhQ
DA:88,0,gzMsU42XW5SFewcrMFrMyQ
DA:90,0,6DPhzvOjvjSQ3QDs0PeqHg
DA:91,0,aumjrAo7ouLJe8BIC+ZZRA
DA:93,0,5nmDtVl3HT5u5mfFIgO/pw
DA:95,0,qDyOyMGAqy+nM06YyryXfw
DA:99,0,x+vqVO9E6duV5Uvr3ClzRg
DA:101,0,xD4wZPw9dMOejPVvLIbbIA
DA:110,0,x+vqVO9E6duV5Uvr3ClzRg
DA:112,0,iXNUVTEvZiwyXr+LksYSUQ
LF:40
LH:10
end_of_record
TN:
SF:pycolorbar/settings/colormap_io.py
DA:27,1,mmQT4E5qUJTrmtj6P6h1aw
DA:28,1,7Z9Lj4ed27Wf2hBX6jooEA
DA:30,1,IWWjrCeOtk8NNtrE95++2g
DA:32,1,d8keI/zkR0TzVV/hvSR7Xw
DA:33,1,3NSC5vW8zh7Rb0MJXyLhog
DA:34,1,yII8d8N1/557VYbXBUJeNw
DA:35,1,hSKp2Hq7tPsAMn7paylIIQ
DA:38,1,WURmBO+5j+2lYMVFgvLO/Q
DA:48,1,xvT5cCT+vjoSFCoBCcOCCQ
DA:59,1,oCkZQfFY57pA5VJOrL3FGQ
DA:73,1,M8UVf+AONxDdb+54QOFKBg
DA:80,1,VjiEUcmJlV0v1PbauTSdyg
DA:39,0,PCWmPanff/KZ80JPxk/2Uw
DA:40,0,ytYSw2cF53s+YaThE7lTDQ
DA:41,0,5/oKrP0oP8tk+FO7/aEjMQ
DA:42,0,mdJvGR8CQLt27SPh2irL6w
DA:43,0,oMupC+D8oazqtt5Lo+ljcw
DA:44,0,ERcOou0FtjgdqWU5AXCddQ
DA:45,0,XRA/lyxfoBWuUSnGxi8mDQ
DA:49,0,3Ni1QtKj25q4kof9iq6MHw
DA:51,0,SEsKbWkyZsDJNmHvOlD6pg
DA:53,0,sbXJdiXzonCDZJXcVfHlIA
DA:55,0,5g1dLuA3ZsrxQ/1DDM3pVQ
DA:56,0,Q3OXm0/u69/4LrhbfZizig
DA:60,0,3Ni1QtKj25q4kof9iq6MHw
DA:62,0,JVIPoZGGvGdfC9rBdRenRA
DA:64,0,BcIJE7IYCupu3Pwx7hV/1w
DA:65,0,xZ/zscDxtBe5Wt7+CGguiw
DA:66,0,VzVZLYkxM2H3enF8zh1oLw
DA:67,0,g/7s6h7QL7ljkTULs6curA
DA:69,0,LYT6DAw95EajaHdRcI8gUA
DA:70,0,Q3OXm0/u69/4LrhbfZizig
DA:74,0,2gQJzasAxCRU4aMECmiVTA
DA:75,0,dIeH4AhRUzD6ZXFx5aHfjw
DA:76,0,V+IjmJADLCOtdgU7aoMOjQ
DA:77,0,Q3OXm0/u69/4LrhbfZizig
DA:82,0,4cGMRVQRlFG6hgtVnwz7PA
DA:83,0,f0iZ9okZ3u8hUA+l3PzkYQ
DA:84,0,FBRS7/dMdQNN9qffspP2cQ
DA:86,0,NwUxoyzi64OZO3sHAmKgZw
DA:88,0,FfBcaeVxof5pXorNZ29Hmg
DA:90,0,KUXJZosYo0SJMF9RGzXg/Q
DA:92,0,4ObsABvlVTKwfnij0GfIZw
LF:43
LH:12
end_of_record
TN:
SF:pycolorbar/settings/colormap_registry.py
DA:27,1,WdIYOeuwa17qsDU+xqTsTw
DA:29,1,7Z9Lj4ed27Wf2hBX6jooEA
DA:30,1,5hwPtyw5fWMOX90GeC1WXw
DA:32,1,4cCm6i28Vf95SUGCHimylg
DA:33,1,H6Ih3lhVTepkL/uzTHkubA
DA:35,1,Ks6gz9ycP6+q3T8p07+rZQ
DA:36,1,MLJj1i9HAQfjmvykf9YI3g
DA:37,1,/Cm5iTtHuf0OC00mAtNc5A
DA:49,1,zV2fBYU1/Rr37yize5FvUg
DA:50,1,/ZvqiDY7XVzMiSFdpC6ZCg
DA:67,1,I7JWZUNjckKmy04KWwUuJA
DA:69,1,+lxKYUXWiEu1QcF1kEq+YA
DA:70,1,lmI6aH+JerlOS7yb4IKrwg
DA:71,1,Bm2fLT8wSawYXRyXgCkfqA
DA:73,1,tFecXn3v4Wb9mIGN4jXukg
DA:75,1,QvxdyCAiqCax3XjttFIGTg
DA:76,1,0uDyIK7smPfL7DV/79vdSw
DA:78,1,Nnqu9X+lU2lagW39QNhFWA
DA:79,1,ARRmQofIhMTaKSU+H9A5yw
DA:80,1,lmI6aH+JerlOS7yb4IKrwg
DA:81,1,xSyx9rNtXbUSs6n+XEjefA
DA:82,1,0uDyIK7smPfL7DV/79vdSw
DA:84,1,GvK0UUlsslC8hvImo16AKw
DA:88,1,HmADa1g/W1C2Vo9Wm4sNNA
DA:89,1,m1ZGuenoX9taiHHEPzLEBw
DA:93,1,wVLKzo0Z6wwZTfH9ottLMQ
DA:97,1,tOqCyGbsoS7PkcHU+ZV+pQ
DA:107,1,JLZ4mUbnLVRxo0mLcs9jXQ
DA:118,1,OfEGmZk5UCx4ziU21WsMXA
DA:151,1,KNKPJrByP8XBMDjk19hSOA
DA:170,1,m7JwqX6VAjXo1DA1Se64tg
DA:203,1,uG1YGwZKBJPqyQvB8rkhDg
DA:230,1,BfmTEXmNfUkqpeBBOjEpAw
DA:252,1,i2N+7rzNNxPtnMlevo8Ceg
DA:279,1,+oB/5nfLvqn0mVyR50Upeg
DA:319,1,5QIkcyzJhPpV9HaKc77i4g
DA:324,1,mWQ6wGVW12OJkaAGQZoZZQ
DA:331,1,aQeDVAroYx+DO+mqs3NRwQ
DA:345,1,iAW87giEcAoc+9cJ3WGWGg
DA:378,1,2NDxLVEs1mVI6V9U/IqlKQ
DA:403,1,k3kPlT2eQFc5LGhzA6/BpA
DA:426,1,/qKtqMKPuO3485r7ss8Nag
DA:480,1,3ZnSGBHgJCJ0Ju0oU8AIiw
DA:566,1,IuoNJXyuwLLL6DofPoAH0Q
DA:578,1,kUNUVPAFkq5UPHp4lQCk+A
DA:86,0,UC59ueJYgMi6ETEVxeLanQ
DA:91,0,dNW3uXNTYuv8j/50MM+wvA
DA:95,0,WFIOm97tH/ZYgbofHV1oxw
DA:98,0,RzIidfhumyA66P1uWiTp3Q
DA:99,0,w2Ci9JhvpmNj4nMOK1IHvw
DA:100,0,WI82UnEPgm5p9pQlbBMHaw
DA:101,0,Y7yMEFtfFidKYHDeCZVnLQ
DA:102,0,SNPj3pFw551IVJGoz7zdWA
DA:103,0,X74MHmCfoxHRDq8VlDCmWg
DA:104,0,Ep9HH7ruuGE9vajr3ERPug
DA:105,0,WjHLq4Kg626y27w/lVDAeA
DA:109,0,tAT6/2rbQRzKqyDRw3oL1A
DA:110,0,1uyfcR3ECs8Cp4bGQ22FPg
DA:112,0,68HDpEAkqzWC0Tz3pc/Pnw
DA:114,0,pbcaqhfCBdhTF5u2v65hCA
DA:115,0,O+hsEM5VRUqZUhtk5G190Q
DA:116,0,lhVHlIW/xVZCgJdaSWH1bg
DA:139,0,6Vp9p8YXnrL9WnPWt0ovjw
DA:140,0,h31PqIn3cUlg7m3uh707Xw
DA:142,0,QwyOCWdd3DThPYFG0D38hg
DA:144,0,xhCMwjJqG9aSRAPMhzqSKQ
DA:145,0,wK42R7VhgjsrJrgAsNVT/Q
DA:146,0,zNIO7b9h8e4NWkqPfxjpBg
DA:147,0,j6PNDzeIcGW/56Rkmq3YHg
DA:148,0,bXc+3h58RaHjr7nr9P8alw
DA:149,0,Ls01fn3lxuFG00kMjFIfAQ
DA:165,0,xhCMwjJqG9aSRAPMhzqSKQ
DA:166,0,elpydYrMbx0RKNkTOdkRzg
DA:168,0,tcuHr7k7tG1sFXIoiGQuSQ
DA:190,0,1HTA8vJ+ZMxlW6spXDKTwQ
DA:191,0,a2NI05/DWo3+nkt9fPWVVA
DA:193,0,vES4j88WOYfJcVTq64M9gA
DA:194,0,He9mNl/r1btSX+ziC/ghBw
DA:196,0,UsFdg5cSnybvrsrc8N2YDA
DA:197,0,ox43B7/7kvL4eYo5gCAu7Q
DA:199,0,aQ4kkWpjouhr/Bt6Wr3dIg
DA:201,0,Ls01fn3lxuFG00kMjFIfAQ
DA:223,0,xTWwZYCtYZji28mfjpCiWA
DA:224,0,c5Dj/xvoOCGQbUMTq7wXqw
DA:226,0,WyRDTBwo3rDPKNkD55Rtcg
DA:227,0,ubLkVMsZ+60JS5D6O+F91A
DA:228,0,gdz1mRL6LOZC4e8JhWmEcw
DA:249,0,LX0K/vkKQixpoSBpIXiEdg
DA:250,0,yTF/gUV8llZhHg0IDGvd7w
DA:271,0,N0MI0xVcZE65HgVCj9IMdA
DA:273,0,MkEgiwv9Nj6MPGrEO0c8Eg
DA:274,0,4teVDfVqt7JyEGkcPDm3/A
DA:275,0,xTWwZYCtYZji28mfjpCiWA
DA:276,0,LCT0SlifslsfxyG6tZqHog
DA:277,0,MGckB30rWcAzJUhSPbv88A
DA:297,0,VFjzdlZ7bxNaVpssXw3BFg
DA:298,0,WvgxHnthwzTwITVNj8rapA
DA:299,0,AMKYYjD9K3jnNgkf0dad0Q
DA:300,0,kCG90nyIonGUiPakYxAqPg
DA:303,0,1uyfcR3ECs8Cp4bGQ22FPg
DA:306,0,42WMn3fJk8HK7HeLTDdC8g
DA:307,0,MYERqX3exs+6z6dybqx64g
DA:309,0,xvWIcpcyNr0gyGcTkdMxXw
DA:310,0,dQhv3h6jHV2aMzUyc/yCvQ
DA:311,0,NrDAqEqcJtvmQgQDEuBvhQ
DA:312,0,Hy82o95OGCwd2C3gyWjVlQ
DA:313,0,kVuje7M/ORBsaRPM7z7VOA
DA:314,0,deiIwaYRiEdV6LzjeIxCGg
DA:315,0,BrCY38P227dGdO6k++iafw
DA:316,0,gk2pLo9P/Sn1WgDQr2VqZw
DA:317,0,l6TjtYHqcNyGECUCc2lV5w
DA:321,0,MkEgiwv9Nj6MPGrEO0c8Eg
DA:322,0,eABzyxEND+mfkvQpFs90VQ
DA:326,0,e8Qy75gcJQhLx+ggT0XSbg
DA:328,0,EpyLXEuxCPqD5+fTtBVDbA
DA:329,0,r98ruFavZU+AQCO0rOouog
DA:333,0,Lra6+iXSNkWEU+AImtO0Jw
DA:336,0,8gcUw8SXMXBqIugsqzwGpg
DA:339,0,wTQ0N/iKwVlSb6tze0RxtQ
DA:342,0,eR7iHTSL+0jaUiBFSLNFeA
DA:364,0,3dZctNXTbYm4CFhVd5ihbQ
DA:367,0,cZgUpYlRkWOAV0OpKe8cTQ
DA:368,0,2OU3gBBrq87rHgsd42AHzQ
DA:371,0,Yum4Zx/C4x53YnqBwF7Jhw
DA:374,0,gUI+w85nS5AW7NMGRK3jEQ
DA:375,0,lh4ono+/B7mcGCEBBHSnuw
DA:399,0,3dZctNXTbYm4CFhVd5ihbQ
DA:400,0,qSj4XILrf/hOsgjpCC108A
DA:422,0,3dZctNXTbYm4CFhVd5ihbQ
DA:423,0,DxetHZGymG8jgVBrjdz3tQ
DA:443,0,3dZctNXTbYm4CFhVd5ihbQ
DA:446,0,01julc1kLmxiOUfoBtyuWg
DA:447,0,WeaVTy2LgvIVeF0ibHjqRw
DA:450,0,WGrbxsvFkcU7E+wi79kATA
DA:451,0,ID+sBpUKqLAPljoKOKFAkw
DA:454,0,nTzY49R0S+tkjHJEWlj0+g
DA:455,0,sjjQGHnVEXsNEnyNp3fkYg
DA:458,0,pxxIvfWeesV97fYNE3pCHg
DA:460,0,EZMTcHjoVqtMwt+YSBBRRQ
DA:461,0,JygwWmZt4y16bvxav49tgw
DA:462,0,/UH7qMxxBsS6kfHssAKBeQ
DA:463,0,/USILZJFRdXVqxMqJVr/dw
DA:464,0,9ar9nR8xyvZOJfnR3/oBlQ
DA:465,0,bvPuRzAPyNdKT0IT2jWUeA
DA:466,0,MGckB30rWcAzJUhSPbv88A
DA:469,0,58qQu4VkAjCzEHw0R8l8xQ
DA:470,0,WeaVTy2LgvIVeF0ibHjqRw
DA:473,0,4MRsc3BuL7//R2uo6iAiAQ
DA:485,0,omp/jM1N5ZZFL5q10rxdBg
DA:558,0,w+aiUMcLYRrEh8tEJaHF6w
DA:559,0,mrjXG2Aw57R1rCoah9IrWw
DA:560,0,CqOsc2W4qMFM5AlbSdygLQ
DA:562,0,RzIidfhumyA66P1uWiTp3Q
DA:563,0,urVSf8Mi+PH+s/Dvjgx3YA
DA:567,0,vYo2uYcphGxTpk3pPA90/Q
DA:568,0,S4PRdGpZfJRh+PbWpMg5pQ
DA:569,0,zOoqe9sDyHKJt9zT+BARNg
DA:571,0,tkHsrvXkyp0MSLKLr4IPFQ
DA:573,0,RJWFfdGEFwkj1sGKJPgSzw
DA:574,0,6y/+fvx08/scnIDro7C53Q
DA:575,0,urVSf8Mi+PH+s/Dvjgx3YA
DA:579,0,3dZctNXTbYm4CFhVd5ihbQ
DA:580,0,E2IEYenIreA4w76uN9tr+Q
DA:581,0,gHmpzm7FG4PjJuEYp2v8jQ
DA:582,0,L/dxd3YBZPQvVdg3HdslVA
DA:583,0,urVSf8Mi+PH+s/Dvjgx3YA
LF:165
LH:44
end_of_record
TN:
SF:pycolorbar/settings/colormap_utility.py
DA:27,1,EEyk9aUY/XXo2hKOMlvwGg
DA:32,1,8LvUn/bQ2QDuNfoB91J/mg
DA:35,1,QTeDKd3AAbWUgacvVq27YQ
DA:37,1,PdeqDqr4bOft68ON3+/7kg
DA:38,1,yTuWHcTg5Bfy1lYNTXpcCg
DA:41,1,yI8Zy5+CgiCuIDvuwEAgVg
DA:42,1,crhrIFMMfjS03VhvkZbKpw
DA:43,1,ERcOou0FtjgdqWU5AXCddQ
DA:45,1,S2xGf3LYG+pqfmCxMgux1w
DA:46,1,KTYhRD1nGIiEP+ML1+lBdw
DA:52,1,iacgCkhc4T1SjFTZNRFWNw
DA:55,1,pFsM0bDZc/lq130CdCgmmw
DA:56,1,ayCtql2phSqSp4yMj8XogQ
DA:57,1,642R6ZCrg3t6nNH9Wos66Q
DA:59,1,YLo6rIfIMK381qoUKBoVQQ
DA:60,1,iqk74KbP910dW+8BU2Eiog
DA:61,1,xRNmVL9JT7d+4//M0HArbg
DA:66,1,bJFzwhtwGMw9jI9/S2MGIw
DA:68,1,wK8qVXPa3yAWx/F5810j4w
DA:69,1,0IqtrMY2rNVbGNLkjoHw9g
LF:20
LH:20
end_of_record
TN:
SF:pycolorbar/settings/colormap_validator.py
DA:27,1,06FjwvG0bE+mxRydCIlGWw
DA:28,1,p7hNY1S5rX9QtYADf+cK4g
DA:29,1,gfaEZ9bUGULCzp4iZbbVCA
DA:31,1,IWWjrCeOtk8NNtrE95++2g
DA:32,1,iWCpjB+nL5nfaq8FcLgsqg
DA:34,1,MNvS3soFQtf6+0mY6D3/BQ
DA:35,1,RdfPe9AfTn5XHSgDGBJvDA
DA:38,1,6RL7+pSN3lW756hwZyLMlg
DA:40,1,kO2LDtdfUOxie9mPETubOA
DA:53,1,a5IskkX64QiId15GVcP/IA
DA:56,1,jDlOtFF9d674fZPLEiH2AQ
DA:58,1,DXJKoOegpEllQb7KuYy2SA
DA:59,1,ijtiTStBu8t59pdHV2ChRg
DA:60,1,nL0yBnn/2u8r8k1/KEEr7Q
DA:61,1,BPl6z+BYn4Un00PxRx01Zg
DA:64,1,2M6miSy4hYMqOB7WlFryrw
DA:65,1,CQI2mrFP5o72GkWmhBZrlA
DA:68,1,PklGoa4F0+xNXr0u/JQKjA
DA:69,1,/ZvqiDY7XVzMiSFdpC6ZCg
DA:102,1,fGrQnbKN3W5hoKDRRUTOeg
DA:105,1,yNN31EBjy4oJkym9oSW61w
DA:106,1,Ggs/RQ53RL5JE3OngBYGLQ
DA:109,1,D3f/qra2eiNs6G9XxZ+FCQ
DA:113,1,Be3gQ7CUj7LA9P2iQ+ES1A
DA:114,1,gceyQKV7X+TBMi4jH3q+jQ
DA:115,1,MljkcSI4k0sSNWNOqmzyJg
DA:124,1,kMo63jS8DXfENzj9geviow
DA:125,1,AKTkeqVgZxPnzxe04vdGyA
DA:128,1,jGVV+9h3xzkdma5KN76+Cg
DA:129,1,8fxn+Y9L7ULqD6GIADN0Qg
DA:130,1,4scB5BtLh1oms32ky4whNg
DA:134,1,nYH9HGJxIlo0/BmtJNsz/w
DA:135,1,fldJn3C7XwwFixPzr/NBsA
DA:136,1,J0XTFsr5s8O3VnG6hdSPNA
DA:138,1,gOOvLlpZwQ6YJ2erh6jr9w
DA:139,1,KTdvZo87cL3ngl3vfykIyg
DA:140,1,EUWzvZU+fSpMiBFHPhZQ9A
DA:141,1,J0XTFsr5s8O3VnG6hdSPNA
DA:143,1,Qx9Bu0+85jn1UrwYhG2vvg
DA:144,1,eGRkgCtzlNu5GKiscOSU/g
DA:145,1,4BJhJ/r0cQ+nPyqB527nEQ
DA:146,1,erouU0Labg3er0wH3Chb1Q
DA:148,1,eLkK7rNRn3Pyb+5q5DqV6g
DA:149,1,Jnn3Dv4J+bFaNj7NQoXgSA
DA:150,1,ggp35gy77mrycz34UY+f8A
DA:151,1,Ih5Mp8L6CvrxavTFi/zNBQ
DA:152,1,nPnGxO9AFPLC35+W/rV4RA
DA:153,1,7F7oKRepPfYGFtO0mHviCQ
DA:154,1,LfYzJHzXZDcNoXzqv1XDtA
DA:155,1,LFGnfsR9cESWVYX/llEKUQ
DA:156,1,yld+EHb0xKvreXp4pYXEsQ
DA:157,1,nxU0/sb7oUYY65JfJ2s8xQ
DA:158,1,J0XTFsr5s8O3VnG6hdSPNA
DA:160,1,xLdaRRpuZXZT/Z4alteMnA
DA:161,1,GqTLDGe4dCJoUgidau80hQ
DA:162,1,ggp35gy77mrycz34UY+f8A
DA:163,1,umOq5poVXTUk09SY7kOQKg
DA:169,1,sq1Ui6AtkRpRjnd68yCnCQ
DA:170,1,DU/oDK4b+WKMxt/+DmcxVQ
DA:174,1,Hkmf4QdXWqScIMhlubLe7Q
DA:175,1,jxrw+wYekqlks3DHk7wy2A
DA:176,1,mx1c0RWo/7mE1hKpuEYhtg
DA:177,1,SVuuI510qiPxnQDSmzU1IA
DA:178,1,aYa6EC2ejpxbvuVGaJ9q9Q
DA:179,1,aT2Yd8jxUlr4c2wWQfgPBw
DA:187,1,J0XTFsr5s8O3VnG6hdSPNA
DA:190,1,dgCVa8ZZ52u/bHVnTZuGsQ
DA:212,1,IC7t2FjGIAXzpcbY4KVGLw
DA:215,1,vdIF+kaAfF5CRUAFluivlg
DA:218,1,nlvdZySaSF8q9kqdZJN3pA
DA:221,1,Q3OXm0/u69/4LrhbfZizig
DA:227,1,vUoruyTc1yZ4Hjn5BRv+jg
DA:243,1,QPw0uHyhcu4qFD9mqWRESQ
DA:247,1,c0InlqLgMrTWo5+T0KuhFA
DA:263,1,leRIR4F+0FwEXa2PFWbuYA
DA:268,1,iXH/rM2qForFJYF6CjnGfA
DA:283,1,pY0P0zRl2FEtoFhka4XD4Q
DA:284,1,qevNP4KM7wbbFu4QhoWJDQ
DA:285,1,R2ZA09c9jQtj44ZX8+AOEw
DA:286,1,XzZilek/XPPfm31A719EiQ
DA:293,1,FWdBtKlIGJZtKgmZZl2vvQ
DA:310,1,pY0P0zRl2FEtoFhka4XD4Q
DA:311,1,qevNP4KM7wbbFu4QhoWJDQ
DA:312,1,rbE/sySYPahpnPe1EOTBeQ
DA:313,1,DYWM7rguSZq2JBjT0wPf0w
DA:314,1,0Xq121+ikzn20e14lMtdcg
DA:318,1,L4z5yXDP18h0pA3lkFnn1A
DA:339,1,Iyh9vSQGEIwcAiDNcT85Xg
DA:341,1,JL3uR/xkGhzbsnPSbXyrmg
DA:342,1,aopBsLmgY1+6f/RrCiVyEA
DA:343,1,zCQOeWjPugTvb9Nmnzkelg
DA:344,1,OUgUNcXgG4VKjr4v95ZWHA
DA:346,1,YR/w2XomRUZg52BJsu0UaQ
DA:347,1,I6UGmODzRMlQ2oBxgyPQbQ
DA:349,1,yXawAkkFzIg5UfLdSUSkrA
DA:171,0,Y+xR31Dr6upmIsiU5ANJFg
DA:244,0,wGTKwGppMnVXOYXxnH3fuw
DA:264,0,KUN4o0r3Ez0y/qzQoO7nCA
DA:265,0,cL/RiO0D9FhSZ6PeLuag8w
DA:287,0,4MRsc3BuL7//R2uo6iAiAQ
DA:315,0,8rQn4PtdIIm0v3yPmYMtQA
LF:100
LH:94
end_of_record
TN:
SF:pycolorbar/settings/colormap_visualization.py
DA:27,1,r/VLli24cehwm2uQ1f+zZw
DA:28,1,/6BCF/ROSidz51ZAydY62A
DA:30,1,4cCm6i28Vf95SUGCHimylg
DA:31,1,H6Ih3lhVTepkL/uzTHkubA
DA:32,1,IWWjrCeOtk8NNtrE95++2g
DA:35,1,Yqu4jKIdIuSUX5e/kbhgYw
DA:42,1,EWp9eXGFeJ0TVfNeFUx6EQ
DA:85,1,VWq6/fvRn1Z1yLXb4uIuhg
DA:92,1,60AueFgBR4gqgnmp56WPUA
DA:36,0,werIQnFqduF4ktSjGLQruw
DA:37,0,HcyL1Bez2QZImJKBYygdHA
DA:38,0,HcLECPanlr3JP+cswALAfw
DA:39,0,qDyOyMGAqy+nM06YyryXfw
DA:44,0,GaV6JhU4g30fQ4n4KuLy1g
DA:45,0,1scyezvvcMkSWtyD23MdaQ
DA:48,0,CnuZD7BCPXPPy2scMH1UPg
DA:51,0,u2MIrtODnBE0lNqrVyVGhQ
DA:52,0,UyRa5t76TS3pgPTUHoJO+g
DA:53,0,+N0Lnc86z/gjQBEG1sMh4g
DA:56,0,dljPTujgUpfB6A8p5OkXgw
DA:59,0,6zwmR7HyX8i5WqdyaW5WgQ
DA:60,0,4/NwpKmIuehWLCeZJOtk6w
DA:63,0,jnN5XEVfRkgDB4GcnbLpqg
DA:66,0,/dKp5qmA0h4bw/9hTkLjyA
DA:67,0,UzAmn/aikdRd+Q1rdruLdw
DA:70,0,CsJEYCp/yVDCDPp4jMQEzQ
DA:73,0,w82dOW3wVio+136tN+4OdA
DA:74,0,iYgNGKGx2bON1enhX48Wxw
DA:75,0,EpjXctop000IW7nITEh8Dw
DA:76,0,+yVsYN+zUxyA0GClurVSGA
DA:79,0,6DPhzvOjvjSQ3QDs0PeqHg
DA:80,0,aumjrAo7ouLJe8BIC+ZZRA
DA:82,0,qDyOyMGAqy+nM06YyryXfw
DA:86,0,PJ0fRV/E4OJmrkXNOTWOvQ
DA:88,0,6FMKcxaCAW3tGZcrFz4QQw
DA:89,0,SED0watNgtq2WXma2BKWIw
DA:93,0,7h+CzMwELoXiNmRmf9o51g
DA:96,0,jlI/y5fwCjEM7IGUNPIp7g
DA:97,0,7x9s+2l6+55GaIePFfXgAw
DA:100,0,oLH70xy6suS1jx+EqPRkpg
DA:101,0,NxpWxYlApfJsVtMop2L8XQ
DA:103,0,6vhkUbOte+KWhYrbnBcQnQ
LF:42
LH:9
end_of_record
TN:
SF:pycolorbar/settings/utils.py
DA:29,1,MiQ452TqpFxWO6pnPN9oUQ
DA:31,0,EdrTC1f1vN8E1kFcJk+yMA
DA:32,0,xQTYNIKbseDRBjDiosak+A
DA:33,0,tJuVlz+cDiSotIRJmTDDkw
DA:34,0,zXJJAOdoSXkQIJabKfLL0Q
DA:35,0,lZHkZtj/0RJnfaWQDYSifw
DA:37,0,oo/4AcQgZ+iSezunGenQfg
DA:38,0,J7b08jhsk2g2RJ612fGXjA
LF:8
LH:1
end_of_record
TN:
SF:pycolorbar/utils/__init__.py
DA:2,1,1+9wdnNK6ERHmSA06tdyPQ
LF:1
LH:1
end_of_record
TN:
SF:pycolorbar/utils/directories.py
DA:27,1,lbaFnMfPJ+WhlwqOMD8Xqg
DA:28,1,7Z9Lj4ed27Wf2hBX6jooEA
DA:29,1,9ib9jXLYq8Jpa8IR4GQL4A
DA:32,1,XqSyT4/rxYXrwifHiCyjcg
DA:41,1,I1LkObf03SJzqoecYDsyCw
DA:49,1,P0XOdPcRwlTbxtkQBxYIpw
DA:37,0,+5URxDW4gAgZaenM3k+RXw
DA:38,0,IgxgoU7y3bDmO32p63cwnA
DA:43,0,pVsROcC5s+a1y7UPB3gw5g
DA:44,0,h4M1y4+BJG67U3ljCiEwXw
DA:46,0,w/sNUC7TDUvqIfrRQ0H+Fg
DA:51,0,/dBI4NMe9dKjjrt6skXz7A
DA:52,0,afXL2nvmoH3/b9XTR2063A
DA:53,0,GHkQ+idSEG9tEhcQg/TOyQ
LF:14
LH:6
end_of_record
TN:
SF:pycolorbar/utils/mpl.py
DA:27,1,5NkS5vn0zEghj77AZlkh7g
DA:28,1,H6Ih3lhVTepkL/uzTHkubA
DA:29,1,IWWjrCeOtk8NNtrE95++2g
DA:32,1,l3qlgq3tQu66iFwlZBvu/Q
DA:45,1,8CLMdBK2i99o8ZvnyThdig
DA:52,1,5mOMHfHjzxz23tPPn2uyeQ
DA:53,1,kU9iET6+5GFtiDYWhPn9qg
DA:56,1,byakZVmwVArXJAnucCbWhg
DA:57,0,eNCAQBUfCQNKw8azbM+4zw
LF:9
LH:8
end_of_record
TN:
SF:pycolorbar/utils/yaml.py
DA:27,1,K6l/kl82fDMxqm7g9ek/nw
DA:28,1,TkdTY1aJYRsgoCX7IqBZHg
DA:30,1,ohpjZR2Hihnv9k/Dzb4XZw
DA:33,1,UzgtNtSfUT0/rGmTcKN8Ug
DA:51,1,rSm0IJgfU6+CrZryCrvg8A
DA:64,1,sZV7xaP5XXQ+kzMYWxN3Rg
DA:46,0,DXFztfYQswDk6maONJvZfA
DA:47,0,y7vLo9oavh+nBo8xCWJRIw
DA:48,0,IagZgElHwEV7AOlkwD3ngw
DA:59,0,Sney56VWyt0jpiRuIExmsg
DA:60,0,Z9G45gxfhhV98geaacLnOA
DA:61,0,84e1Ac59jtKDpRc8oiPQSQ
DA:65,0,Mcl4XIeAxbiyU+NQ2GYD1g
LF:13
LH:6
end_of_record
